INFO 2025-11-21 21:06:46,351 autoreload Watching for file changes with StatReloader
INFO 2025-11-21 21:06:46,686 autoreload Watching for file changes with StatReloader
INFO 2025-11-21 21:06:52,302 basehttp "GET / HTTP/1.1" 200 1164
INFO 2025-11-21 21:06:53,515 basehttp "GET /static/css/style.css HTTP/1.1" 200 3729
INFO 2025-11-21 21:06:58,835 autoreload Watching for file changes with StatReloader
INFO 2025-11-21 21:07:00,866 basehttp "GET / HTTP/1.1" 200 1164
INFO 2025-11-21 21:07:07,403 basehttp "GET / HTTP/1.1" 200 1164
INFO 2025-11-21 21:07:07,462 basehttp "GET /static/css/style.css HTTP/1.1" 200 3729
WARNING 2025-11-21 21:07:07,645 log Not Found: /favicon.ico
WARNING 2025-11-21 21:07:07,646 basehttp "GET /favicon.ico HTTP/1.1" 404 3973
INFO 2025-11-21 21:08:32,578 autoreload /home/runner/workspace/src/election/tasks.py changed, reloading.
INFO 2025-11-21 21:08:33,472 autoreload Watching for file changes with StatReloader
INFO 2025-11-21 21:08:39,050 basehttp "GET / HTTP/1.1" 200 1164
INFO 2025-11-21 21:08:39,788 basehttp "GET /static/css/style.css HTTP/1.1" 304 0
INFO 2025-11-21 21:08:41,201 autoreload /home/runner/workspace/src/core/signals.py changed, reloading.
INFO 2025-11-21 21:08:42,043 autoreload Watching for file changes with StatReloader
INFO 2025-11-21 21:08:43,795 basehttp "GET / HTTP/1.1" 200 1164
INFO 2025-11-21 21:08:50,693 autoreload /home/runner/workspace/src/core/signals.py changed, reloading.
INFO 2025-11-21 21:08:51,816 autoreload Watching for file changes with StatReloader
INFO 2025-11-21 21:08:55,329 basehttp "GET / HTTP/1.1" 200 1164
INFO 2025-11-21 21:09:05,682 autoreload /home/runner/workspace/src/election/signals.py changed, reloading.
INFO 2025-11-21 21:09:06,392 autoreload Watching for file changes with StatReloader
INFO 2025-11-21 21:09:08,710 basehttp "GET / HTTP/1.1" 200 1164
INFO 2025-11-21 21:11:18,753 autoreload /home/runner/workspace/src/election/tasks.py changed, reloading.
INFO 2025-11-21 21:11:19,906 autoreload Watching for file changes with StatReloader
INFO 2025-11-21 21:11:25,037 basehttp "GET / HTTP/1.1" 200 1164
INFO 2025-11-21 21:11:26,276 basehttp "GET /static/css/style.css HTTP/1.1" 304 0
INFO 2025-11-21 21:11:26,502 autoreload /home/runner/workspace/src/election/admin.py changed, reloading.
INFO 2025-11-21 21:11:27,311 autoreload Watching for file changes with StatReloader
INFO 2025-11-21 21:11:28,889 basehttp "GET / HTTP/1.1" 200 1164
INFO 2025-11-21 21:11:41,071 autoreload /home/runner/workspace/src/election/admin.py changed, reloading.
INFO 2025-11-21 21:11:42,210 autoreload Watching for file changes with StatReloader
INFO 2025-11-21 21:11:46,900 basehttp "GET / HTTP/1.1" 200 1164
INFO 2025-11-21 21:11:59,086 autoreload /home/runner/workspace/src/core/urls.py changed, reloading.
INFO 2025-11-21 21:11:59,944 autoreload Watching for file changes with StatReloader
INFO 2025-11-21 21:12:02,178 basehttp "GET / HTTP/1.1" 200 1164
INFO 2025-11-21 21:14:13,082 basehttp "GET /register/ HTTP/1.1" 200 1318
INFO 2025-11-21 21:14:15,275 basehttp "GET /static/css/style.css HTTP/1.1" 304 0
INFO 2025-11-21 21:14:16,013 basehttp "GET / HTTP/1.1" 200 1164
INFO 2025-11-21 21:14:17,184 basehttp "GET /static/css/style.css HTTP/1.1" 200 3729
INFO 2025-11-21 21:15:17,253 basehttp "GET / HTTP/1.1" 200 1164
INFO 2025-11-21 21:16:08,151 autoreload /home/runner/workspace/src/core/views_ui.py changed, reloading.
INFO 2025-11-21 21:16:09,096 autoreload Watching for file changes with StatReloader
INFO 2025-11-21 21:16:12,571 autoreload /home/runner/workspace/src/core/urls.py changed, reloading.
INFO 2025-11-21 21:16:13,238 autoreload Watching for file changes with StatReloader
INFO 2025-11-21 21:16:15,088 basehttp "GET / HTTP/1.1" 200 1164
INFO 2025-11-21 21:21:32,605 autoreload /home/runner/workspace/src/mw_es/settings.py changed, reloading.
INFO 2025-11-21 21:21:33,494 autoreload Watching for file changes with StatReloader
INFO 2025-11-21 21:21:38,662 basehttp "GET / HTTP/1.1" 200 1164
INFO 2025-11-21 21:21:39,591 basehttp "GET /static/css/style.css HTTP/1.1" 304 0
INFO 2025-11-21 21:23:26,827 basehttp "GET /register/ HTTP/1.1" 200 1318
INFO 2025-11-21 21:23:32,725 basehttp "POST /register/ HTTP/1.1" 200 1491
INFO 2025-11-21 21:23:41,250 basehttp "GET /login/ HTTP/1.1" 200 1248
INFO 2025-11-21 21:23:57,991 basehttp "POST /login/ HTTP/1.1" 302 0
INFO 2025-11-21 21:23:58,656 basehttp "GET /dashboard/ HTTP/1.1" 200 3716
INFO 2025-11-21 21:24:10,292 basehttp "GET /elections/2/vote/ HTTP/1.1" 302 0
INFO 2025-11-21 21:24:10,677 basehttp "GET /elections/ HTTP/1.1" 200 1528
ERROR 2025-11-21 21:24:15,942 log Internal Server Error: /elections/1/results/
Traceback (most recent call last):
  File "/home/runner/workspace/.pythonlibs/lib/python3.12/site-packages/django/core/handlers/exception.py", line 55, in inner
    response = get_response(request)
               ^^^^^^^^^^^^^^^^^^^^^
  File "/home/runner/workspace/.pythonlibs/lib/python3.12/site-packages/django/core/handlers/base.py", line 197, in _get_response
    response = wrapped_callback(request, *callback_args, **callback_kwargs)
               ^^^^^^^^^^^^^^^^^^^^^^^^^^^^^^^^^^^^^^^^^^^^^^^^^^^^^^^^^^^^
  File "/home/runner/workspace/.pythonlibs/lib/python3.12/site-packages/django/contrib/auth/decorators.py", line 59, in _view_wrapper
    return view_func(request, *args, **kwargs)
           ^^^^^^^^^^^^^^^^^^^^^^^^^^^^^^^^^^^
  File "/home/runner/workspace/src/election/views_ui.py", line 74, in election_results
    candidates = Candidate.objects.filter(position=position).annotate(
                 ^^^^^^^^^^^^^^^^^^^^^^^^^^^^^^^^^^^^^^^^^^^^^^^^^^^^^
  File "/home/runner/workspace/.pythonlibs/lib/python3.12/site-packages/django/db/models/query.py", line 1654, in annotate
    return self._annotate(args, kwargs, select=True)
           ^^^^^^^^^^^^^^^^^^^^^^^^^^^^^^^^^^^^^^^^^
  File "/home/runner/workspace/.pythonlibs/lib/python3.12/site-packages/django/db/models/query.py", line 1699, in _annotate
    raise ValueError(
ValueError: The annotation 'votes' conflicts with a field on the model.
ERROR 2025-11-21 21:24:15,945 basehttp "GET /elections/1/results/ HTTP/1.1" 500 122698
INFO 2025-11-21 21:24:42,863 basehttp "GET /elections/ HTTP/1.1" 200 1363
INFO 2025-11-21 21:24:43,297 basehttp "GET /static/css/style.css HTTP/1.1" 304 0
INFO 2025-11-21 21:24:53,408 basehttp "GET /elections/ HTTP/1.1" 200 1363
INFO 2025-11-21 21:24:57,895 basehttp "GET /dashboard/ HTTP/1.1" 200 3567
INFO 2025-11-21 21:25:14,806 basehttp "GET /elections/1/vote/ HTTP/1.1" 302 0
INFO 2025-11-21 21:25:15,192 basehttp "GET /elections/ HTTP/1.1" 200 1528
INFO 2025-11-21 21:25:19,629 basehttp "GET /dashboard/ HTTP/1.1" 200 3567
INFO 2025-11-21 21:25:26,263 basehttp "GET /elections/2/vote/ HTTP/1.1" 302 0
INFO 2025-11-21 21:25:26,675 basehttp "GET /elections/ HTTP/1.1" 200 1528
INFO 2025-11-21 21:25:33,195 basehttp "GET /dashboard/ HTTP/1.1" 200 3567
INFO 2025-11-21 21:25:45,816 basehttp "GET /elections/ HTTP/1.1" 200 1363
INFO 2025-11-21 21:26:07,337 basehttp "GET /dashboard/ HTTP/1.1" 200 3567
INFO 2025-11-21 21:26:08,593 basehttp "GET /logout/ HTTP/1.1" 302 0
INFO 2025-11-21 21:26:09,468 basehttp "GET /login/ HTTP/1.1" 200 1415
INFO 2025-11-21 21:26:34,245 basehttp "POST /login/ HTTP/1.1" 302 0
INFO 2025-11-21 21:26:34,631 basehttp "GET /dashboard/ HTTP/1.1" 200 2343
INFO 2025-11-21 21:26:49,619 basehttp "GET /elections/ HTTP/1.1" 200 1369
ERROR 2025-11-21 21:26:53,655 log Internal Server Error: /elections/1/results/
Traceback (most recent call last):
  File "/home/runner/workspace/.pythonlibs/lib/python3.12/site-packages/django/core/handlers/exception.py", line 55, in inner
    response = get_response(request)
               ^^^^^^^^^^^^^^^^^^^^^
  File "/home/runner/workspace/.pythonlibs/lib/python3.12/site-packages/django/core/handlers/base.py", line 197, in _get_response
    response = wrapped_callback(request, *callback_args, **callback_kwargs)
               ^^^^^^^^^^^^^^^^^^^^^^^^^^^^^^^^^^^^^^^^^^^^^^^^^^^^^^^^^^^^
  File "/home/runner/workspace/.pythonlibs/lib/python3.12/site-packages/django/contrib/auth/decorators.py", line 59, in _view_wrapper
    return view_func(request, *args, **kwargs)
           ^^^^^^^^^^^^^^^^^^^^^^^^^^^^^^^^^^^
  File "/home/runner/workspace/src/election/views_ui.py", line 74, in election_results
    candidates = Candidate.objects.filter(position=position).annotate(
                 ^^^^^^^^^^^^^^^^^^^^^^^^^^^^^^^^^^^^^^^^^^^^^^^^^^^^^
  File "/home/runner/workspace/.pythonlibs/lib/python3.12/site-packages/django/db/models/query.py", line 1654, in annotate
    return self._annotate(args, kwargs, select=True)
           ^^^^^^^^^^^^^^^^^^^^^^^^^^^^^^^^^^^^^^^^^
  File "/home/runner/workspace/.pythonlibs/lib/python3.12/site-packages/django/db/models/query.py", line 1699, in _annotate
    raise ValueError(
ValueError: The annotation 'votes' conflicts with a field on the model.
ERROR 2025-11-21 21:26:53,657 basehttp "GET /elections/1/results/ HTTP/1.1" 500 122704
INFO 2025-11-21 21:27:54,628 basehttp "GET /elections/ HTTP/1.1" 200 1369
INFO 2025-11-21 21:27:55,352 basehttp "GET /dashboard/ HTTP/1.1" 200 2194
INFO 2025-11-21 21:38:07,256 autoreload /home/runner/workspace/src/core/views_ui.py changed, reloading.
INFO 2025-11-21 21:38:08,501 autoreload Watching for file changes with StatReloader
INFO 2025-11-21 21:38:12,978 autoreload Watching for file changes with StatReloader
INFO 2025-11-21 21:38:15,694 basehttp "GET / HTTP/1.1" 200 14941
INFO 2025-11-21 21:38:16,833 basehttp "GET /static/css/style.css HTTP/1.1" 304 0
INFO 2025-11-21 21:38:16,860 basehttp "GET /admin/ HTTP/1.1" 200 20379
INFO 2025-11-21 21:38:17,821 basehttp "GET /static/admin/css/base.css HTTP/1.1" 200 22120
INFO 2025-11-21 21:38:18,612 basehttp "GET /static/admin/css/nav_sidebar.css HTTP/1.1" 200 2810
INFO 2025-11-21 21:38:18,613 basehttp "GET /static/admin/css/dark_mode.css HTTP/1.1" 200 2808
INFO 2025-11-21 21:38:18,739 basehttp "GET /static/admin/css/dashboard.css HTTP/1.1" 200 441
INFO 2025-11-21 21:38:18,982 basehttp "GET /static/admin/css/responsive.css HTTP/1.1" 200 16565
INFO 2025-11-21 21:38:18,997 basehttp "GET /static/admin/js/theme.js HTTP/1.1" 200 1653
INFO 2025-11-21 21:38:20,952 basehttp "GET / HTTP/1.1" 200 14794
INFO 2025-11-21 21:38:21,026 basehttp "GET /static/css/style.css HTTP/1.1" 200 3729
INFO 2025-11-21 21:38:21,071 basehttp "GET /admin/ HTTP/1.1" 302 0
INFO 2025-11-21 21:38:21,243 basehttp "GET /admin/login/?next=/admin/ HTTP/1.1" 200 4187
INFO 2025-11-21 21:38:21,541 basehttp "GET /static/admin/js/nav_sidebar.js HTTP/1.1" 200 3063
WARNING 2025-11-21 21:38:21,754 log Not Found: /favicon.ico
WARNING 2025-11-21 21:38:21,754 basehttp "GET /favicon.ico HTTP/1.1" 404 5740
INFO 2025-11-22 01:12:36,226 autoreload Watching for file changes with StatReloader
INFO 2025-11-22 01:13:40,467 autoreload Watching for file changes with StatReloader
INFO 2025-11-22 01:14:11,698 basehttp "GET / HTTP/1.1" 200 14794
INFO 2025-11-22 01:14:11,770 basehttp "GET /admin/ HTTP/1.1" 302 0
INFO 2025-11-22 01:14:11,783 basehttp "GET /static/css/style.css HTTP/1.1" 200 3729
INFO 2025-11-22 01:14:12,176 basehttp "GET /admin/login/?next=/admin/ HTTP/1.1" 200 4187
INFO 2025-11-22 01:15:19,931 basehttp "GET /login/ HTTP/1.1" 200 2826
INFO 2025-11-22 01:15:19,993 basehttp "GET /static/css/style.css HTTP/1.1" 304 0
INFO 2025-11-22 01:15:24,241 basehttp "POST /login/ HTTP/1.1" 200 3062
INFO 2025-11-22 01:15:27,002 basehttp "GET /register/ HTTP/1.1" 200 2896
INFO 2025-11-22 07:03:33,119 autoreload Watching for file changes with StatReloader
INFO 2025-11-22 07:03:37,367 basehttp "GET / HTTP/1.1" 200 14794
INFO 2025-11-22 07:03:37,473 basehttp "GET /admin/ HTTP/1.1" 302 0
INFO 2025-11-22 07:03:37,507 basehttp "GET /static/css/style.css HTTP/1.1" 200 3729
INFO 2025-11-22 07:03:38,231 basehttp "GET /admin/login/?next=/admin/ HTTP/1.1" 200 4187
WARNING 2025-11-22 07:04:03,641 log Not Found: /favicon.ico
WARNING 2025-11-22 07:04:03,642 basehttp "GET /favicon.ico HTTP/1.1" 404 5735
INFO 2025-11-22 07:04:05,193 basehttp "GET /login/ HTTP/1.1" 200 2826
INFO 2025-11-22 07:04:59,922 basehttp "POST /login/ HTTP/1.1" 302 0
INFO 2025-11-22 07:05:00,006 basehttp "GET /dashboard/ HTTP/1.1" 200 5571
INFO 2025-11-22 07:05:17,034 basehttp "GET /profile/edit/ HTTP/1.1" 200 9341
INFO 2025-11-22 07:05:55,377 basehttp "GET /elections/ HTTP/1.1" 200 3122
ERROR 2025-11-22 07:05:57,432 log Internal Server Error: /elections/1/results/
Traceback (most recent call last):
  File "/home/nevelc/Private/repo/university_elec_api/venv/lib/python3.13/site-packages/django/core/handlers/exception.py", line 55, in inner
    response = get_response(request)
  File "/home/nevelc/Private/repo/university_elec_api/venv/lib/python3.13/site-packages/django/core/handlers/base.py", line 197, in _get_response
    response = wrapped_callback(request, *callback_args, **callback_kwargs)
  File "/home/nevelc/Private/repo/university_elec_api/venv/lib/python3.13/site-packages/django/contrib/auth/decorators.py", line 59, in _view_wrapper
    return view_func(request, *args, **kwargs)
  File "/home/nevelc/Private/repo/university_elec_api/src/election/views_ui.py", line 74, in election_results
    candidates = Candidate.objects.filter(position=position).annotate(
                 ~~~~~~~~~~~~~~~~~~~~~~~~~~~~~~~~~~~~~~~~~~~~~~~~~~~~^
        votes=Count('vote')
        ^^^^^^^^^^^^^^^^^^^
    ).order_by('-votes')
    ^
  File "/home/nevelc/Private/repo/university_elec_api/venv/lib/python3.13/site-packages/django/db/models/query.py", line 1654, in annotate
    return self._annotate(args, kwargs, select=True)
           ~~~~~~~~~~~~~~^^^^^^^^^^^^^^^^^^^^^^^^^^^
  File "/home/nevelc/Private/repo/university_elec_api/venv/lib/python3.13/site-packages/django/db/models/query.py", line 1699, in _annotate
    raise ValueError(
    ...<2 lines>...
    )
ValueError: The annotation 'votes' conflicts with a field on the model.
ERROR 2025-11-22 07:05:57,436 basehttp "GET /elections/1/results/ HTTP/1.1" 500 91109
INFO 2025-11-22 07:06:16,524 basehttp "GET /elections/ HTTP/1.1" 302 0
INFO 2025-11-22 07:06:16,538 basehttp "GET /login/?next=/elections/ HTTP/1.1" 200 2826
INFO 2025-11-22 07:06:16,611 basehttp "GET /static/css/style.css HTTP/1.1" 200 3729
INFO 2025-11-22 07:06:20,887 basehttp "GET /register/ HTTP/1.1" 200 2896
WARNING 2025-11-22 07:06:27,526 log Not Found: /adm
WARNING 2025-11-22 07:06:27,527 basehttp "GET /adm HTTP/1.1" 404 5711
INFO 2025-11-22 07:06:30,677 basehttp "GET /admin HTTP/1.1" 301 0
INFO 2025-11-22 07:06:30,684 basehttp "GET /admin/ HTTP/1.1" 302 0
INFO 2025-11-22 07:06:30,694 basehttp "GET /admin/login/?next=/admin/ HTTP/1.1" 200 4187
INFO 2025-11-22 07:06:30,782 basehttp "GET /static/admin/css/nav_sidebar.css HTTP/1.1" 200 2810
INFO 2025-11-22 07:06:30,784 basehttp "GET /static/admin/css/login.css HTTP/1.1" 200 951
INFO 2025-11-22 07:06:30,785 basehttp "GET /static/admin/css/responsive.css HTTP/1.1" 200 16565
INFO 2025-11-22 07:06:30,785 basehttp "GET /static/admin/css/base.css HTTP/1.1" 200 22120
INFO 2025-11-22 07:06:30,785 basehttp "GET /static/admin/js/theme.js HTTP/1.1" 200 1653
INFO 2025-11-22 07:06:30,803 basehttp "GET /static/admin/css/dark_mode.css HTTP/1.1" 200 2808
INFO 2025-11-22 07:06:30,808 basehttp "GET /static/admin/js/nav_sidebar.js HTTP/1.1" 200 3063
INFO 2025-11-22 07:09:20,103 autoreload Watching for file changes with StatReloader
INFO 2025-11-22 07:09:24,411 basehttp "POST /admin/login/?next=/admin/ HTTP/1.1" 200 4370
INFO 2025-11-22 07:09:34,888 basehttp "POST /admin/login/?next=/admin/ HTTP/1.1" 302 0
INFO 2025-11-22 07:09:34,959 basehttp "GET /admin/ HTTP/1.1" 200 20379
INFO 2025-11-22 07:09:35,040 basehttp "GET /static/admin/css/dashboard.css HTTP/1.1" 200 441
INFO 2025-11-22 07:09:35,090 basehttp "GET /static/admin/img/icon-addlink.svg HTTP/1.1" 200 331
INFO 2025-11-22 07:09:35,090 basehttp "GET /static/admin/img/icon-changelink.svg HTTP/1.1" 200 380
INFO 2025-11-22 07:09:43,396 basehttp "GET /admin/token_blacklist/outstandingtoken/ HTTP/1.1" 200 18443
INFO 2025-11-22 07:09:43,444 basehttp "GET /static/admin/css/changelists.css HTTP/1.1" 200 6878
INFO 2025-11-22 07:09:43,475 basehttp "GET /static/admin/js/jquery.init.js HTTP/1.1" 200 347
INFO 2025-11-22 07:09:43,475 basehttp "GET /static/admin/js/admin/RelatedObjectLookups.js HTTP/1.1" 200 9777
INFO 2025-11-22 07:09:43,521 basehttp "GET /static/admin/js/actions.js HTTP/1.1" 200 8076
INFO 2025-11-22 07:09:43,521 basehttp "GET /static/admin/js/prepopulate.js HTTP/1.1" 200 1531
INFO 2025-11-22 07:09:43,522 basehttp "GET /static/admin/js/urlify.js HTTP/1.1" 200 7887
INFO 2025-11-22 07:09:43,524 basehttp "GET /static/admin/js/vendor/xregexp/xregexp.js HTTP/1.1" 200 325171
INFO 2025-11-22 07:09:43,534 basehttp "GET /static/admin/js/vendor/jquery/jquery.js HTTP/1.1" 200 285314
INFO 2025-11-22 07:09:43,535 basehttp "GET /static/admin/js/core.js HTTP/1.1" 200 6208
INFO 2025-11-22 07:09:43,553 basehttp "GET /static/admin/img/search.svg HTTP/1.1" 200 458
INFO 2025-11-22 07:09:43,575 basehttp "GET /static/admin/js/filters.js HTTP/1.1" 200 978
INFO 2025-11-22 07:09:47,081 basehttp "GET /admin/token_blacklist/blacklistedtoken/ HTTP/1.1" 200 18625
INFO 2025-11-22 07:09:47,146 basehttp "GET /admin/jsi18n/ HTTP/1.1" 200 3342
INFO 2025-11-22 07:09:47,221 basehttp "GET /static/admin/img/tooltag-add.svg HTTP/1.1" 200 331
INFO 2025-11-22 07:09:51,230 basehttp "GET /admin/django_celery_beat/clockedschedule/ HTTP/1.1" 200 18254
INFO 2025-11-22 07:09:51,274 basehttp "GET /admin/jsi18n/ HTTP/1.1" 200 3342
INFO 2025-11-22 07:09:54,317 basehttp "GET /admin/django_celery_beat/clockedschedule/add/ HTTP/1.1" 200 22113
INFO 2025-11-22 07:09:54,364 basehttp "GET /static/admin/css/forms.css HTTP/1.1" 200 8525
INFO 2025-11-22 07:09:54,367 basehttp "GET /static/admin/js/prepopulate_init.js HTTP/1.1" 200 586
INFO 2025-11-22 07:09:54,367 basehttp "GET /static/admin/js/inlines.js HTTP/1.1" 200 15628
INFO 2025-11-22 07:09:54,367 basehttp "GET /static/admin/js/calendar.js HTTP/1.1" 200 9141
INFO 2025-11-22 07:09:54,369 basehttp "GET /static/admin/js/admin/DateTimeShortcuts.js HTTP/1.1" 200 19319
INFO 2025-11-22 07:09:54,371 basehttp "GET /admin/jsi18n/ HTTP/1.1" 200 3342
INFO 2025-11-22 07:09:54,421 basehttp "GET /static/admin/img/icon-unknown.svg HTTP/1.1" 200 655
INFO 2025-11-22 07:09:54,442 basehttp "GET /static/admin/css/widgets.css HTTP/1.1" 200 11973
INFO 2025-11-22 07:09:54,446 basehttp "GET /static/admin/js/change_form.js HTTP/1.1" 200 606
INFO 2025-11-22 07:09:54,521 basehttp "GET /static/admin/img/icon-clock.svg HTTP/1.1" 200 677
INFO 2025-11-22 07:09:54,543 basehttp "GET /static/admin/img/icon-calendar.svg HTTP/1.1" 200 1086
INFO 2025-11-22 07:10:02,296 basehttp "GET /admin/django_celery_beat/crontabschedule/ HTTP/1.1" 200 18256
INFO 2025-11-22 07:10:02,331 basehttp "GET /admin/jsi18n/ HTTP/1.1" 200 3342
INFO 2025-11-22 07:10:04,364 basehttp "GET /admin/django_celery_beat/crontabschedule/add/ HTTP/1.1" 200 62227
INFO 2025-11-22 07:10:04,405 basehttp "GET /admin/jsi18n/ HTTP/1.1" 200 3342
INFO 2025-11-22 07:10:19,231 basehttp "GET /admin/django_celery_beat/intervalschedule/ HTTP/1.1" 200 18263
INFO 2025-11-22 07:10:19,264 basehttp "GET /admin/jsi18n/ HTTP/1.1" 200 3342
INFO 2025-11-22 07:10:22,309 basehttp "GET /admin/django_celery_beat/intervalschedule/add/ HTTP/1.1" 200 23055
INFO 2025-11-22 07:10:22,352 basehttp "GET /admin/jsi18n/ HTTP/1.1" 200 3342
INFO 2025-11-22 07:10:36,687 basehttp "GET /admin/django_celery_beat/periodictask/ HTTP/1.1" 200 21659
INFO 2025-11-22 07:10:36,740 basehttp "GET /admin/jsi18n/ HTTP/1.1" 200 3342
INFO 2025-11-22 07:10:36,780 basehttp "GET /static/admin/img/icon-viewlink.svg HTTP/1.1" 200 581
INFO 2025-11-22 07:10:38,999 basehttp "GET /admin/django_celery_beat/periodictask/add/ HTTP/1.1" 200 43956
INFO 2025-11-22 07:10:39,036 basehttp "GET /admin/jsi18n/ HTTP/1.1" 200 3342
INFO 2025-11-22 07:11:19,498 basehttp "GET /admin/django_celery_beat/solarschedule/ HTTP/1.1" 200 18272
INFO 2025-11-22 07:11:19,534 basehttp "GET /admin/jsi18n/ HTTP/1.1" 200 3342
INFO 2025-11-22 07:11:21,788 basehttp "GET /admin/django_celery_beat/solarschedule/add/ HTTP/1.1" 200 24169
INFO 2025-11-22 07:11:21,821 basehttp "GET /admin/jsi18n/ HTTP/1.1" 200 3342
INFO 2025-11-22 07:11:34,527 basehttp "GET /admin/django_celery_results/groupresult/ HTTP/1.1" 200 19823
INFO 2025-11-22 07:11:34,570 basehttp "GET /admin/jsi18n/ HTTP/1.1" 200 3342
INFO 2025-11-22 07:11:36,866 basehttp "GET /admin/django_celery_results/groupresult/add/ HTTP/1.1" 200 23381
INFO 2025-11-22 07:11:36,907 basehttp "GET /admin/jsi18n/ HTTP/1.1" 200 3342
INFO 2025-11-22 07:11:41,250 basehttp "GET /admin/django_celery_results/taskresult/ HTTP/1.1" 200 20538
INFO 2025-11-22 07:11:41,290 basehttp "GET /admin/jsi18n/ HTTP/1.1" 200 3342
INFO 2025-11-22 07:11:43,287 basehttp "GET /admin/django_celery_results/taskresult/add/ HTTP/1.1" 200 29818
INFO 2025-11-22 07:11:43,324 basehttp "GET /admin/jsi18n/ HTTP/1.1" 200 3342
INFO 2025-11-22 07:11:50,145 basehttp "GET /admin/election/vote/ HTTP/1.1" 200 23656
INFO 2025-11-22 07:11:50,185 basehttp "GET /admin/jsi18n/ HTTP/1.1" 200 3342
INFO 2025-11-22 07:12:01,208 basehttp "GET /admin/election/votertoken/ HTTP/1.1" 200 34269
INFO 2025-11-22 07:12:01,249 basehttp "GET /admin/jsi18n/ HTTP/1.1" 200 3342
INFO 2025-11-22 07:12:01,264 basehttp "GET /static/admin/img/icon-no.svg HTTP/1.1" 200 560
INFO 2025-11-22 07:12:01,270 basehttp "GET /static/admin/img/icon-yes.svg HTTP/1.1" 200 436
INFO 2025-11-22 07:12:14,052 basehttp "GET /admin/election/position/ HTTP/1.1" 200 30089
INFO 2025-11-22 07:12:14,086 basehttp "GET /admin/jsi18n/ HTTP/1.1" 200 3342
INFO 2025-11-22 07:12:14,165 basehttp "GET /static/admin/img/sorting-icons.svg HTTP/1.1" 200 1097
INFO 2025-11-22 07:12:24,858 basehttp "GET /admin/election/election/ HTTP/1.1" 200 24098
INFO 2025-11-22 07:12:24,893 basehttp "GET /admin/jsi18n/ HTTP/1.1" 200 3342
INFO 2025-11-22 07:12:28,107 basehttp "GET /admin/election/election/2/change/ HTTP/1.1" 200 27458
INFO 2025-11-22 07:12:28,141 basehttp "GET /admin/jsi18n/ HTTP/1.1" 200 3342
INFO 2025-11-22 07:12:28,156 basehttp "GET /static/admin/js/SelectFilter2.js HTTP/1.1" 200 15845
INFO 2025-11-22 07:12:28,178 basehttp "GET /static/admin/js/SelectBox.js HTTP/1.1" 200 4530
INFO 2025-11-22 07:12:28,244 basehttp "GET /static/admin/img/selector-icons.svg HTTP/1.1" 200 3291
INFO 2025-11-22 07:13:02,469 basehttp "POST /admin/election/election/2/change/ HTTP/1.1" 302 0
INFO 2025-11-22 07:13:02,519 basehttp "GET /admin/election/election/2/change/ HTTP/1.1" 200 27715
INFO 2025-11-22 07:13:02,597 basehttp "GET /admin/jsi18n/ HTTP/1.1" 200 3342
INFO 2025-11-22 07:13:07,602 basehttp "GET /elections/ HTTP/1.1" 200 3122
INFO 2025-11-22 07:13:09,434 basehttp "GET /elections/ HTTP/1.1" 200 3122
INFO 2025-11-22 07:13:10,883 basehttp "GET /elections/ HTTP/1.1" 200 3122
INFO 2025-11-22 07:13:14,562 basehttp "GET /dashboard/ HTTP/1.1" 200 5353
INFO 2025-11-22 07:13:18,912 basehttp "GET /elections/ HTTP/1.1" 200 3122
INFO 2025-11-22 07:13:43,412 basehttp "GET /dashboard/ HTTP/1.1" 200 5353
INFO 2025-11-22 07:14:06,123 basehttp "POST /admin/election/election/2/change/ HTTP/1.1" 200 27637
INFO 2025-11-22 07:14:06,184 basehttp "GET /admin/jsi18n/ HTTP/1.1" 200 3342
INFO 2025-11-22 07:14:19,962 basehttp "POST /admin/election/election/2/change/ HTTP/1.1" 302 0
INFO 2025-11-22 07:14:20,009 basehttp "GET /admin/election/election/2/change/ HTTP/1.1" 200 27697
INFO 2025-11-22 07:14:20,090 basehttp "GET /admin/jsi18n/ HTTP/1.1" 200 3342
INFO 2025-11-22 07:14:25,145 basehttp "GET /dashboard/ HTTP/1.1" 200 5353
INFO 2025-11-22 07:14:34,160 basehttp "GET /admin/core/user/ HTTP/1.1" 200 81900
INFO 2025-11-22 07:14:34,220 basehttp "GET /admin/jsi18n/ HTTP/1.1" 200 3342
INFO 2025-11-22 07:15:00,025 basehttp "GET /admin/core/user/105/change/ HTTP/1.1" 200 46986
INFO 2025-11-22 07:15:00,070 basehttp "GET /admin/jsi18n/ HTTP/1.1" 200 3342
INFO 2025-11-22 07:15:00,089 basehttp "GET /static/admin/img/icon-deletelink.svg HTTP/1.1" 200 392
INFO 2025-11-22 07:15:13,780 basehttp "POST /admin/core/user/105/change/ HTTP/1.1" 302 0
INFO 2025-11-22 07:15:13,863 basehttp "GET /admin/core/user/105/change/ HTTP/1.1" 200 47234
INFO 2025-11-22 07:15:13,948 basehttp "GET /admin/jsi18n/ HTTP/1.1" 200 3342
INFO 2025-11-22 07:15:17,740 basehttp "GET /dashboard/ HTTP/1.1" 200 5347
INFO 2025-11-22 07:15:37,721 basehttp "GET /admin/election/election/ HTTP/1.1" 200 24098
INFO 2025-11-22 07:15:37,780 basehttp "GET /admin/jsi18n/ HTTP/1.1" 200 3342
INFO 2025-11-22 07:15:41,979 basehttp "GET /admin/election/election/2/change/ HTTP/1.1" 200 27439
INFO 2025-11-22 07:15:42,028 basehttp "GET /admin/jsi18n/ HTTP/1.1" 200 3342
INFO 2025-11-22 07:15:47,447 basehttp "POST /admin/election/election/2/change/ HTTP/1.1" 302 0
INFO 2025-11-22 07:15:47,511 basehttp "GET /admin/election/election/2/change/ HTTP/1.1" 200 27705
INFO 2025-11-22 07:15:47,596 basehttp "GET /admin/jsi18n/ HTTP/1.1" 200 3342
INFO 2025-11-22 07:15:51,937 basehttp "GET /dashboard/ HTTP/1.1" 200 5988
INFO 2025-11-22 07:15:55,368 basehttp "GET /elections/ HTTP/1.1" 200 3624
INFO 2025-11-22 07:15:58,695 basehttp "GET /elections/2/vote/ HTTP/1.1" 200 24436
INFO 2025-11-22 07:16:38,088 basehttp "POST /elections/2/vote/submit/ HTTP/1.1" 302 0
INFO 2025-11-22 07:16:38,120 basehttp "GET /elections/2/vote/ HTTP/1.1" 200 19859
INFO 2025-11-22 07:16:51,378 basehttp "GET /elections/2/vote/ HTTP/1.1" 200 19606
INFO 2025-11-22 07:17:05,824 basehttp "POST /elections/2/vote/submit/ HTTP/1.1" 302 0
INFO 2025-11-22 07:17:05,852 basehttp "GET /elections/2/vote/ HTTP/1.1" 200 19890
INFO 2025-11-22 07:17:17,279 basehttp "POST /elections/2/vote/submit/ HTTP/1.1" 302 0
INFO 2025-11-22 07:17:17,310 basehttp "GET /elections/2/vote/ HTTP/1.1" 200 19890
INFO 2025-11-22 07:17:23,756 basehttp "POST /elections/2/vote/submit/ HTTP/1.1" 302 0
INFO 2025-11-22 07:17:23,787 basehttp "GET /elections/2/vote/ HTTP/1.1" 200 19890
INFO 2025-11-22 07:17:31,203 basehttp "POST /elections/2/vote/submit/ HTTP/1.1" 302 0
INFO 2025-11-22 07:17:31,235 basehttp "GET /elections/2/vote/ HTTP/1.1" 200 17496
INFO 2025-11-22 07:17:53,594 basehttp "GET /profile/edit/ HTTP/1.1" 200 9461
INFO 2025-11-22 07:18:23,227 basehttp "GET /dashboard/ HTTP/1.1" 200 5984
INFO 2025-11-22 07:18:39,409 basehttp "GET /elections/2/results/ HTTP/1.1" 302 0
INFO 2025-11-22 07:18:39,431 basehttp "GET /elections/ HTTP/1.1" 200 3850
INFO 2025-11-22 07:18:42,629 basehttp "GET /elections/2/vote/ HTTP/1.1" 200 17235
INFO 2025-11-22 07:18:46,524 basehttp "POST /elections/2/vote/submit/ HTTP/1.1" 302 0
INFO 2025-11-22 07:18:46,556 basehttp "GET /elections/2/vote/ HTTP/1.1" 200 17519
INFO 2025-11-22 07:18:59,356 basehttp "POST /admin/election/election/2/change/ HTTP/1.1" 302 0
INFO 2025-11-22 07:18:59,412 basehttp "GET /admin/election/election/2/change/ HTTP/1.1" 200 27713
INFO 2025-11-22 07:18:59,509 basehttp "GET /admin/jsi18n/ HTTP/1.1" 200 3342
INFO 2025-11-22 07:19:03,037 basehttp "GET /elections/2/vote/ HTTP/1.1" 200 17235
INFO 2025-11-22 07:19:14,359 basehttp "GET /dashboard/ HTTP/1.1" 200 5984
ERROR 2025-11-22 07:19:18,676 log Internal Server Error: /elections/2/results/
Traceback (most recent call last):
  File "/home/nevelc/Private/repo/university_elec_api/venv/lib/python3.13/site-packages/django/core/handlers/exception.py", line 55, in inner
    response = get_response(request)
  File "/home/nevelc/Private/repo/university_elec_api/venv/lib/python3.13/site-packages/django/core/handlers/base.py", line 197, in _get_response
    response = wrapped_callback(request, *callback_args, **callback_kwargs)
  File "/home/nevelc/Private/repo/university_elec_api/venv/lib/python3.13/site-packages/django/contrib/auth/decorators.py", line 59, in _view_wrapper
    return view_func(request, *args, **kwargs)
  File "/home/nevelc/Private/repo/university_elec_api/src/election/views_ui.py", line 74, in election_results
    candidates = Candidate.objects.filter(position=position).annotate(
                 ~~~~~~~~~~~~~~~~~~~~~~~~~~~~~~~~~~~~~~~~~~~~~~~~~~~~^
        votes=Count('vote')
        ^^^^^^^^^^^^^^^^^^^
    ).order_by('-votes')
    ^
  File "/home/nevelc/Private/repo/university_elec_api/venv/lib/python3.13/site-packages/django/db/models/query.py", line 1654, in annotate
    return self._annotate(args, kwargs, select=True)
           ~~~~~~~~~~~~~~^^^^^^^^^^^^^^^^^^^^^^^^^^^
  File "/home/nevelc/Private/repo/university_elec_api/venv/lib/python3.13/site-packages/django/db/models/query.py", line 1699, in _annotate
    raise ValueError(
    ...<2 lines>...
    )
ValueError: The annotation 'votes' conflicts with a field on the model.
ERROR 2025-11-22 07:19:18,679 basehttp "GET /elections/2/results/ HTTP/1.1" 500 90769
ERROR 2025-11-22 07:19:23,298 log Internal Server Error: /elections/2/results/
Traceback (most recent call last):
  File "/home/nevelc/Private/repo/university_elec_api/venv/lib/python3.13/site-packages/django/core/handlers/exception.py", line 55, in inner
    response = get_response(request)
  File "/home/nevelc/Private/repo/university_elec_api/venv/lib/python3.13/site-packages/django/core/handlers/base.py", line 197, in _get_response
    response = wrapped_callback(request, *callback_args, **callback_kwargs)
  File "/home/nevelc/Private/repo/university_elec_api/venv/lib/python3.13/site-packages/django/contrib/auth/decorators.py", line 59, in _view_wrapper
    return view_func(request, *args, **kwargs)
  File "/home/nevelc/Private/repo/university_elec_api/src/election/views_ui.py", line 74, in election_results
    candidates = Candidate.objects.filter(position=position).annotate(
                 ~~~~~~~~~~~~~~~~~~~~~~~~~~~~~~~~~~~~~~~~~~~~~~~~~~~~^
        votes=Count('vote')
        ^^^^^^^^^^^^^^^^^^^
    ).order_by('-votes')
    ^
  File "/home/nevelc/Private/repo/university_elec_api/venv/lib/python3.13/site-packages/django/db/models/query.py", line 1654, in annotate
    return self._annotate(args, kwargs, select=True)
           ~~~~~~~~~~~~~~^^^^^^^^^^^^^^^^^^^^^^^^^^^
  File "/home/nevelc/Private/repo/university_elec_api/venv/lib/python3.13/site-packages/django/db/models/query.py", line 1699, in _annotate
    raise ValueError(
    ...<2 lines>...
    )
ValueError: The annotation 'votes' conflicts with a field on the model.
ERROR 2025-11-22 07:19:23,301 basehttp "GET /elections/2/results/ HTTP/1.1" 500 90769
INFO 2025-11-22 07:19:27,688 basehttp "GET /elections/2/vote/ HTTP/1.1" 200 17235
INFO 2025-11-22 07:19:31,636 basehttp "POST /elections/2/vote/submit/ HTTP/1.1" 302 0
INFO 2025-11-22 07:19:31,663 basehttp "GET /elections/2/vote/ HTTP/1.1" 200 17519
INFO 2025-11-22 07:19:39,692 basehttp "GET /elections/2/vote/ HTTP/1.1" 200 17235
INFO 2025-11-22 07:19:52,421 basehttp "POST /admin/election/election/2/change/ HTTP/1.1" 302 0
INFO 2025-11-22 07:19:52,472 basehttp "GET /admin/election/election/2/change/ HTTP/1.1" 200 27713
INFO 2025-11-22 07:19:52,557 basehttp "GET /admin/jsi18n/ HTTP/1.1" 200 3342
INFO 2025-11-22 07:19:56,843 basehttp "GET /elections/2/vote/ HTTP/1.1" 302 0
INFO 2025-11-22 07:19:56,868 basehttp "GET /elections/ HTTP/1.1" 200 3868
ERROR 2025-11-22 07:20:03,654 log Internal Server Error: /elections/2/results/
Traceback (most recent call last):
  File "/home/nevelc/Private/repo/university_elec_api/venv/lib/python3.13/site-packages/django/core/handlers/exception.py", line 55, in inner
    response = get_response(request)
  File "/home/nevelc/Private/repo/university_elec_api/venv/lib/python3.13/site-packages/django/core/handlers/base.py", line 197, in _get_response
    response = wrapped_callback(request, *callback_args, **callback_kwargs)
  File "/home/nevelc/Private/repo/university_elec_api/venv/lib/python3.13/site-packages/django/contrib/auth/decorators.py", line 59, in _view_wrapper
    return view_func(request, *args, **kwargs)
  File "/home/nevelc/Private/repo/university_elec_api/src/election/views_ui.py", line 74, in election_results
    candidates = Candidate.objects.filter(position=position).annotate(
                 ~~~~~~~~~~~~~~~~~~~~~~~~~~~~~~~~~~~~~~~~~~~~~~~~~~~~^
        votes=Count('vote')
        ^^^^^^^^^^^^^^^^^^^
    ).order_by('-votes')
    ^
  File "/home/nevelc/Private/repo/university_elec_api/venv/lib/python3.13/site-packages/django/db/models/query.py", line 1654, in annotate
    return self._annotate(args, kwargs, select=True)
           ~~~~~~~~~~~~~~^^^^^^^^^^^^^^^^^^^^^^^^^^^
  File "/home/nevelc/Private/repo/university_elec_api/venv/lib/python3.13/site-packages/django/db/models/query.py", line 1699, in _annotate
    raise ValueError(
    ...<2 lines>...
    )
ValueError: The annotation 'votes' conflicts with a field on the model.
ERROR 2025-11-22 07:20:03,657 basehttp "GET /elections/2/results/ HTTP/1.1" 500 90769
INFO 2025-11-22 07:21:27,292 autoreload /home/nevelc/Private/repo/university_elec_api/src/mw_es/settings.py changed, reloading.
INFO 2025-11-22 07:21:28,222 autoreload Watching for file changes with StatReloader
INFO 2025-12-07 20:43:56,934 autoreload Watching for file changes with StatReloader
INFO 2025-12-07 20:44:25,007 basehttp "GET / HTTP/1.1" 200 14794
INFO 2025-12-07 20:44:25,126 basehttp "GET /admin/ HTTP/1.1" 302 0
INFO 2025-12-07 20:44:25,176 basehttp "GET /static/css/style.css HTTP/1.1" 200 3729
INFO 2025-12-07 20:44:25,480 basehttp "GET /admin/login/?next=/admin/ HTTP/1.1" 200 4187
INFO 2025-12-07 20:44:39,873 basehttp "GET /login/ HTTP/1.1" 200 2826
INFO 2025-12-07 20:44:44,383 basehttp "GET /login/ HTTP/1.1" 200 2826
INFO 2025-12-07 20:44:48,816 basehttp "POST /login/ HTTP/1.1" 200 3062
INFO 2025-12-07 20:44:56,022 basehttp "POST /login/ HTTP/1.1" 200 3062
INFO 2025-12-07 20:45:00,686 basehttp "POST /login/ HTTP/1.1" 200 3062
INFO 2025-12-07 20:46:05,506 basehttp "GET / HTTP/1.1" 200 14794
INFO 2025-12-07 21:05:41,590 basehttp "GET /login/ HTTP/1.1" 200 2826
INFO 2025-12-07 21:16:06,188 basehttp "GET /login/ HTTP/1.1" 200 2826
INFO 2025-12-07 21:16:07,348 basehttp "GET / HTTP/1.1" 200 14794
INFO 2025-12-07 21:16:07,394 basehttp "GET /admin/ HTTP/1.1" 302 0
INFO 2025-12-07 21:16:07,413 basehttp "GET /admin/login/?next=/admin/ HTTP/1.1" 200 4187
INFO 2025-12-07 21:17:46,469 autoreload Watching for file changes with StatReloader
INFO 2025-12-07 21:17:50,373 basehttp "GET /login/ HTTP/1.1" 200 2826
INFO 2025-12-07 21:18:08,645 basehttp "POST /login/ HTTP/1.1" 302 0
INFO 2025-12-07 21:18:08,714 basehttp "GET /dashboard/ HTTP/1.1" 200 6202
INFO 2025-12-07 21:18:16,435 basehttp "GET /profile/edit/ HTTP/1.1" 200 9335
INFO 2025-12-07 21:18:19,980 basehttp "GET /elections/ HTTP/1.1" 200 3634
INFO 2025-12-07 21:18:22,167 basehttp "GET / HTTP/1.1" 200 14936
INFO 2025-12-07 21:18:22,258 basehttp "GET /admin/ HTTP/1.1" 302 0
INFO 2025-12-07 21:18:22,370 basehttp "GET /admin/login/?next=/admin/ HTTP/1.1" 200 3709
INFO 2025-12-07 21:18:23,690 basehttp "GET /dashboard/ HTTP/1.1" 200 5984
ERROR 2025-12-07 21:18:32,445 log Internal Server Error: /elections/2/results/
Traceback (most recent call last):
  File "/home/nevelc/Private/repo/university_elec_api/venv/lib/python3.13/site-packages/django/core/handlers/exception.py", line 55, in inner
    response = get_response(request)
  File "/home/nevelc/Private/repo/university_elec_api/venv/lib/python3.13/site-packages/django/core/handlers/base.py", line 197, in _get_response
    response = wrapped_callback(request, *callback_args, **callback_kwargs)
  File "/home/nevelc/Private/repo/university_elec_api/venv/lib/python3.13/site-packages/django/contrib/auth/decorators.py", line 59, in _view_wrapper
    return view_func(request, *args, **kwargs)
  File "/home/nevelc/Private/repo/university_elec_api/src/election/views_ui.py", line 74, in election_results
    candidates = Candidate.objects.filter(position=position).annotate(
                 ~~~~~~~~~~~~~~~~~~~~~~~~~~~~~~~~~~~~~~~~~~~~~~~~~~~~^
        votes=Count('vote')
        ^^^^^^^^^^^^^^^^^^^
    ).order_by('-votes')
    ^
  File "/home/nevelc/Private/repo/university_elec_api/venv/lib/python3.13/site-packages/django/db/models/query.py", line 1654, in annotate
    return self._annotate(args, kwargs, select=True)
           ~~~~~~~~~~~~~~^^^^^^^^^^^^^^^^^^^^^^^^^^^
  File "/home/nevelc/Private/repo/university_elec_api/venv/lib/python3.13/site-packages/django/db/models/query.py", line 1699, in _annotate
    raise ValueError(
    ...<2 lines>...
    )
ValueError: The annotation 'votes' conflicts with a field on the model.
ERROR 2025-12-07 21:18:32,448 basehttp "GET /elections/2/results/ HTTP/1.1" 500 89226
INFO 2025-12-07 21:19:40,611 autoreload /home/nevelc/Private/repo/university_elec_api/src/election/views_ui.py changed, reloading.
INFO 2025-12-07 21:19:41,456 autoreload Watching for file changes with StatReloader
INFO 2025-12-07 21:19:51,105 autoreload /home/nevelc/Private/repo/university_elec_api/src/election/views_ui.py changed, reloading.
INFO 2025-12-07 21:19:51,997 autoreload Watching for file changes with StatReloader
INFO 2025-12-07 21:21:16,853 basehttp "GET /elections/2/results/ HTTP/1.1" 200 6282
INFO 2025-12-07 21:21:32,244 basehttp "GET /elections/ HTTP/1.1" 200 3634
INFO 2025-12-07 21:21:41,727 basehttp "GET /elections/2/results/ HTTP/1.1" 200 6282
INFO 2025-12-07 21:21:55,611 basehttp "GET / HTTP/1.1" 200 14936
INFO 2025-12-07 21:21:55,716 basehttp "GET /admin/ HTTP/1.1" 302 0
INFO 2025-12-07 21:21:55,756 basehttp "GET /admin/login/?next=/admin/ HTTP/1.1" 200 3709
INFO 2025-12-07 21:21:56,370 basehttp "GET /elections/ HTTP/1.1" 200 3634
INFO 2025-12-07 21:21:57,100 basehttp "GET /profile/edit/ HTTP/1.1" 200 9335
INFO 2025-12-07 21:24:33,062 autoreload /home/nevelc/Private/repo/university_elec_api/src/core/views_ui.py changed, reloading.
INFO 2025-12-07 21:24:33,894 autoreload Watching for file changes with StatReloader
INFO 2025-12-07 21:24:38,282 autoreload /home/nevelc/Private/repo/university_elec_api/src/core/views_ui.py changed, reloading.
INFO 2025-12-07 21:24:39,153 autoreload Watching for file changes with StatReloader
INFO 2025-12-07 21:24:47,606 autoreload /home/nevelc/Private/repo/university_elec_api/src/core/views_ui.py changed, reloading.
INFO 2025-12-07 21:24:48,470 autoreload Watching for file changes with StatReloader
INFO 2025-12-07 21:24:51,958 autoreload /home/nevelc/Private/repo/university_elec_api/src/core/views_ui.py changed, reloading.
INFO 2025-12-07 21:24:52,794 autoreload Watching for file changes with StatReloader
INFO 2025-12-07 21:25:41,274 autoreload Watching for file changes with StatReloader
INFO 2025-12-07 21:25:44,483 basehttp "GET /profile/edit/ HTTP/1.1" 200 9277
INFO 2025-12-07 21:26:03,941 basehttp "GET /elections/ HTTP/1.1" 200 3634
INFO 2025-12-07 21:26:04,997 basehttp "GET /profile/edit/ HTTP/1.1" 200 9277
INFO 2025-12-07 21:26:14,398 basehttp "GET /dashboard/ HTTP/1.1" 200 5984
INFO 2025-12-07 21:26:24,282 basehttp "GET / HTTP/1.1" 200 14936
INFO 2025-12-07 21:26:24,381 basehttp "GET /admin/ HTTP/1.1" 302 0
INFO 2025-12-07 21:26:24,415 basehttp "GET /admin/login/?next=/admin/ HTTP/1.1" 200 3709
INFO 2025-12-07 21:26:24,982 basehttp "GET /dashboard/ HTTP/1.1" 200 5984
INFO 2025-12-07 21:26:29,973 basehttp "GET /elections/2/vote/ HTTP/1.1" 302 0
INFO 2025-12-07 21:26:30,000 basehttp "GET /elections/ HTTP/1.1" 200 3868
INFO 2025-12-07 21:26:32,683 basehttp "GET /elections/1/results/ HTTP/1.1" 200 12613
INFO 2025-12-07 21:27:18,758 basehttp "GET /elections/ HTTP/1.1" 200 3634
INFO 2025-12-07 21:30:31,084 basehttp "GET /elections/1/results/ HTTP/1.1" 200 12613
INFO 2025-12-07 21:30:45,587 basehttp "GET /elections/ HTTP/1.1" 200 3634
INFO 2025-12-07 21:30:48,113 basehttp "GET /elections/1/results/ HTTP/1.1" 200 12613
INFO 2025-12-07 21:39:22,233 basehttp "GET /elections/1/results/ HTTP/1.1" 200 12613
INFO 2025-12-07 21:39:23,817 basehttp "GET /dashboard/ HTTP/1.1" 200 5984
INFO 2025-12-07 21:39:24,643 basehttp "GET / HTTP/1.1" 200 14936
INFO 2025-12-07 21:39:24,709 basehttp "GET /admin/ HTTP/1.1" 302 0
INFO 2025-12-07 21:39:24,762 basehttp "GET /admin/login/?next=/admin/ HTTP/1.1" 200 3709
INFO 2025-12-07 21:39:25,490 basehttp "GET /elections/ HTTP/1.1" 200 3634
INFO 2025-12-07 21:39:26,418 basehttp "GET /profile/edit/ HTTP/1.1" 200 9277
INFO 2025-12-07 21:39:27,980 basehttp "GET /logout/ HTTP/1.1" 302 0
INFO 2025-12-07 21:39:27,991 basehttp "GET /login/ HTTP/1.1" 200 3062
INFO 2025-12-07 21:39:33,665 basehttp "POST /login/ HTTP/1.1" 302 0
INFO 2025-12-07 21:39:33,683 basehttp "GET /dashboard/ HTTP/1.1" 200 6202
INFO 2025-12-07 21:39:43,654 basehttp "GET /elections/2/vote/ HTTP/1.1" 302 0
INFO 2025-12-07 21:39:43,679 basehttp "GET /elections/ HTTP/1.1" 200 3868
INFO 2025-12-07 21:45:03,657 basehttp "GET /elections/2/results/ HTTP/1.1" 200 6282
INFO 2025-12-07 21:45:03,714 basehttp "GET /static/css/style.css HTTP/1.1" 304 0
INFO 2025-12-07 21:45:08,836 basehttp "GET / HTTP/1.1" 200 14936
INFO 2025-12-07 21:45:08,907 basehttp "GET /admin/ HTTP/1.1" 302 0
INFO 2025-12-07 21:45:08,999 basehttp "GET /admin/login/?next=/admin/ HTTP/1.1" 200 3709
WARNING 2025-12-07 21:45:09,144 log Not Found: /favicon.ico
INFO 2025-12-07 21:45:14,521 basehttp "GET /elections/ HTTP/1.1" 200 3634
WARNING 2025-12-07 21:45:14,588 log Not Found: /favicon.ico
INFO 2025-12-07 21:52:35,203 autoreload /home/nevelc/Private/repo/university_elec_api/src/core/signals.py changed, reloading.
INFO 2025-12-07 21:52:36,183 autoreload Watching for file changes with StatReloader
INFO 2025-12-07 21:52:50,907 autoreload /home/nevelc/Private/repo/university_elec_api/src/election/signals.py changed, reloading.
INFO 2025-12-07 21:52:51,683 autoreload Watching for file changes with StatReloader
INFO 2025-12-07 21:54:12,885 autoreload /home/nevelc/Private/repo/university_elec_api/src/election/tasks.py changed, reloading.
INFO 2025-12-07 21:54:14,272 autoreload Watching for file changes with StatReloader
INFO 2025-12-07 21:54:46,717 autoreload /home/nevelc/Private/repo/university_elec_api/src/core/tasks.py changed, reloading.
INFO 2025-12-07 21:54:47,640 autoreload Watching for file changes with StatReloader
INFO 2025-12-07 21:55:09,601 autoreload /home/nevelc/Private/repo/university_elec_api/src/core/tasks.py changed, reloading.
INFO 2025-12-07 21:55:10,703 autoreload Watching for file changes with StatReloader
INFO 2025-12-07 22:00:16,380 autoreload /home/nevelc/Private/repo/university_elec_api/src/election/tasks.py changed, reloading.
INFO 2025-12-07 22:00:17,105 autoreload Watching for file changes with StatReloader
INFO 2025-12-07 22:17:26,194 basehttp "GET /elections/ HTTP/1.1" 200 3634
INFO 2025-12-07 22:17:27,936 basehttp "GET /dashboard/ HTTP/1.1" 200 5984
INFO 2025-12-07 22:18:02,144 basehttp "GET /elections/ HTTP/1.1" 200 3634
INFO 2025-12-07 22:18:03,057 basehttp "GET / HTTP/1.1" 200 14936
INFO 2025-12-07 22:18:03,216 basehttp "GET /admin/ HTTP/1.1" 302 0
INFO 2025-12-07 22:18:03,259 basehttp "GET /admin/login/?next=/admin/ HTTP/1.1" 200 3709
INFO 2025-12-07 22:50:38,085 basehttp "GET /elections/ HTTP/1.1" 200 3634
INFO 2025-12-07 22:50:38,153 basehttp "GET /static/css/style.css HTTP/1.1" 304 0
INFO 2025-12-07 22:50:38,819 basehttp "GET / HTTP/1.1" 200 14936
INFO 2025-12-07 22:50:38,891 basehttp "GET /admin/ HTTP/1.1" 302 0
INFO 2025-12-07 22:50:38,909 basehttp "GET /admin/login/?next=/admin/ HTTP/1.1" 200 3709
INFO 2025-12-07 22:50:39,599 basehttp "GET /dashboard/ HTTP/1.1" 200 5984
INFO 2025-12-07 22:50:40,486 basehttp "GET / HTTP/1.1" 200 14936
INFO 2025-12-07 22:50:40,559 basehttp "GET /admin/ HTTP/1.1" 302 0
INFO 2025-12-07 22:50:40,585 basehttp "GET /admin/login/?next=/admin/ HTTP/1.1" 200 3709
INFO 2025-12-07 22:50:41,349 basehttp "GET /elections/ HTTP/1.1" 200 3634
INFO 2025-12-07 22:50:42,294 basehttp "GET /profile/edit/ HTTP/1.1" 200 9277
INFO 2025-12-07 22:50:43,610 basehttp "GET /logout/ HTTP/1.1" 302 0
INFO 2025-12-07 22:50:43,620 basehttp "GET /login/ HTTP/1.1" 200 3062
INFO 2025-12-07 22:51:14,232 basehttp "POST /login/ HTTP/1.1" 302 0
INFO 2025-12-07 22:51:14,258 basehttp "GET /dashboard/ HTTP/1.1" 200 4494
INFO 2025-12-07 22:51:33,726 basehttp "GET /elections/1/results/ HTTP/1.1" 200 12618
INFO 2025-12-07 22:51:50,437 basehttp "GET /elections/ HTTP/1.1" 200 3639
INFO 2025-12-07 22:51:53,916 basehttp "GET /profile/edit/ HTTP/1.1" 200 9276
INFO 2025-12-07 22:52:18,137 basehttp "POST /profile/edit/ HTTP/1.1" 302 0
INFO 2025-12-07 22:52:18,150 basehttp "GET /dashboard/ HTTP/1.1" 200 4503
INFO 2025-12-07 22:52:21,941 basehttp "GET /elections/ HTTP/1.1" 200 3639
INFO 2025-12-07 22:52:23,205 basehttp "GET / HTTP/1.1" 200 14941
INFO 2025-12-07 22:52:23,391 basehttp "GET /admin/ HTTP/1.1" 200 20379
INFO 2025-12-07 22:52:24,229 basehttp "GET /dashboard/ HTTP/1.1" 200 4276
WARNING 2025-12-07 22:52:37,077 log Not Found: /cammissioner/
WARNING 2025-12-07 22:52:37,078 basehttp "GET /cammissioner/ HTTP/1.1" 404 5741
WARNING 2025-12-07 22:52:47,776 log Not Found: / commissioner
WARNING 2025-12-07 22:52:47,777 basehttp "GET /%20commissioner HTTP/1.1" 404 5743
WARNING 2025-12-07 22:52:49,914 log Not Found: / commissioner/
WARNING 2025-12-07 22:52:49,915 basehttp "GET /%20commissioner/ HTTP/1.1" 404 5746
WARNING 2025-12-07 22:53:02,339 log Not Found: /ommissioner/
WARNING 2025-12-07 22:53:02,341 basehttp "GET /ommissioner/ HTTP/1.1" 404 5738
INFO 2025-12-07 22:53:07,220 basehttp "GET /commissioner/ HTTP/1.1" 200 20370
INFO 2025-12-07 22:53:23,172 basehttp "GET /admin/core/user/ HTTP/1.1" 200 81900
INFO 2025-12-07 22:53:23,322 basehttp "GET /static/admin/css/dark_mode.css HTTP/1.1" 200 2808
INFO 2025-12-07 22:53:23,322 basehttp "GET /static/admin/css/nav_sidebar.css HTTP/1.1" 200 2810
INFO 2025-12-07 22:53:23,327 basehttp "GET /static/admin/img/icon-yes.svg HTTP/1.1" 200 436
INFO 2025-12-07 22:53:23,328 basehttp "GET /static/admin/img/search.svg HTTP/1.1" 200 458
INFO 2025-12-07 22:53:23,329 basehttp "GET /static/admin/img/icon-no.svg HTTP/1.1" 200 560
INFO 2025-12-07 22:53:23,378 basehttp "GET /static/admin/css/changelists.css HTTP/1.1" 200 6878
INFO 2025-12-07 22:53:23,378 basehttp "GET /static/admin/css/base.css HTTP/1.1" 200 22120
INFO 2025-12-07 22:53:23,379 basehttp "GET /static/admin/js/filters.js HTTP/1.1" 200 978
INFO 2025-12-07 22:53:23,380 basehttp "GET /static/admin/js/jquery.init.js HTTP/1.1" 200 347
INFO 2025-12-07 22:53:23,380 basehttp "GET /static/admin/css/responsive.css HTTP/1.1" 200 16565
INFO 2025-12-07 22:53:23,403 basehttp "GET /admin/jsi18n/ HTTP/1.1" 200 3342
INFO 2025-12-07 22:53:23,447 basehttp "GET /static/admin/js/theme.js HTTP/1.1" 200 1653
INFO 2025-12-07 22:53:23,512 basehttp "GET /static/admin/js/vendor/jquery/jquery.js HTTP/1.1" 200 285314
INFO 2025-12-07 22:53:23,559 basehttp "GET /static/admin/js/admin/RelatedObjectLookups.js HTTP/1.1" 200 9777
INFO 2025-12-07 22:53:23,568 basehttp "GET /static/admin/js/core.js HTTP/1.1" 200 6208
INFO 2025-12-07 22:53:23,598 basehttp "GET /static/admin/js/prepopulate.js HTTP/1.1" 200 1531
INFO 2025-12-07 22:53:23,598 basehttp "GET /static/admin/js/urlify.js HTTP/1.1" 200 7887
INFO 2025-12-07 22:53:23,609 basehttp "GET /static/admin/js/vendor/xregexp/xregexp.js HTTP/1.1" 200 325171
INFO 2025-12-07 22:53:23,624 basehttp "GET /static/admin/js/actions.js HTTP/1.1" 200 8076
INFO 2025-12-07 22:53:23,689 basehttp "GET /static/admin/js/nav_sidebar.js HTTP/1.1" 200 3063
INFO 2025-12-07 22:53:23,734 basehttp "GET /static/admin/img/icon-addlink.svg HTTP/1.1" 200 331
INFO 2025-12-07 22:53:23,734 basehttp "GET /static/admin/img/tooltag-add.svg HTTP/1.1" 200 331
INFO 2025-12-07 22:53:23,735 basehttp "GET /static/admin/img/icon-viewlink.svg HTTP/1.1" 200 581
INFO 2025-12-07 22:53:23,735 basehttp "GET /static/admin/img/sorting-icons.svg HTTP/1.1" 200 1097
INFO 2025-12-07 22:54:31,375 basehttp "GET /elections/ HTTP/1.1" 200 3639
INFO 2025-12-07 22:54:38,744 basehttp "GET /elections/1/results/ HTTP/1.1" 200 12618
INFO 2025-12-07 22:57:59,246 autoreload /home/nevelc/Private/repo/university_elec_api/src/core/models.py changed, reloading.
INFO 2025-12-07 22:58:00,412 autoreload Watching for file changes with StatReloader
INFO 2025-12-07 22:58:12,170 autoreload /home/nevelc/Private/repo/university_elec_api/src/core/models.py changed, reloading.
INFO 2025-12-07 22:58:13,022 autoreload Watching for file changes with StatReloader
INFO 2025-12-07 22:58:27,740 autoreload /home/nevelc/Private/repo/university_elec_api/src/core/permissions.py changed, reloading.
INFO 2025-12-07 22:58:28,639 autoreload Watching for file changes with StatReloader
INFO 2025-12-07 22:58:42,513 autoreload /home/nevelc/Private/repo/university_elec_api/src/core/models.py changed, reloading.
INFO 2025-12-07 22:58:43,470 autoreload Watching for file changes with StatReloader
INFO 2025-12-07 22:58:54,089 autoreload /home/nevelc/Private/repo/university_elec_api/src/core/permissions.py changed, reloading.
INFO 2025-12-07 22:58:55,114 autoreload Watching for file changes with StatReloader
INFO 2025-12-07 22:59:19,146 autoreload /home/nevelc/Private/repo/university_elec_api/src/core/views_commissioner.py changed, reloading.
INFO 2025-12-07 22:59:20,202 autoreload Watching for file changes with StatReloader
INFO 2025-12-07 22:59:28,078 autoreload /home/nevelc/Private/repo/university_elec_api/src/core/views_commissioner.py changed, reloading.
INFO 2025-12-07 22:59:29,061 autoreload Watching for file changes with StatReloader
INFO 2025-12-07 23:00:12,884 basehttp "GET /dashboard/ HTTP/1.1" 200 4276
INFO 2025-12-07 23:00:18,176 autoreload /home/nevelc/Private/repo/university_elec_api/src/core/urls.py changed, reloading.
INFO 2025-12-07 23:00:18,921 autoreload Watching for file changes with StatReloader
INFO 2025-12-07 23:00:20,430 basehttp "GET /elections/ HTTP/1.1" 200 3639
INFO 2025-12-07 23:00:22,747 basehttp "GET /elections/1/results/ HTTP/1.1" 200 12618
INFO 2025-12-07 23:00:27,568 autoreload /home/nevelc/Private/repo/university_elec_api/src/core/urls.py changed, reloading.
INFO 2025-12-07 23:00:28,383 autoreload Watching for file changes with StatReloader
INFO 2025-12-07 23:00:31,830 basehttp "GET /commissioner/ HTTP/1.1" 200 20370
INFO 2025-12-07 23:00:50,927 basehttp "GET /admin/core/user/1/change/ HTTP/1.1" 200 47025
INFO 2025-12-07 23:00:51,015 basehttp "GET /admin/jsi18n/ HTTP/1.1" 200 3342
INFO 2025-12-07 23:00:51,101 basehttp "GET /static/admin/css/forms.css HTTP/1.1" 200 8525
INFO 2025-12-07 23:00:51,104 basehttp "GET /static/admin/js/prepopulate_init.js HTTP/1.1" 200 586
INFO 2025-12-07 23:00:51,105 basehttp "GET /static/admin/js/change_form.js HTTP/1.1" 200 606
INFO 2025-12-07 23:00:51,105 basehttp "GET /static/admin/img/icon-changelink.svg HTTP/1.1" 200 380
INFO 2025-12-07 23:00:51,124 basehttp "GET /static/admin/img/icon-deletelink.svg HTTP/1.1" 200 392
INFO 2025-12-07 23:00:51,173 basehttp "GET /static/admin/js/calendar.js HTTP/1.1" 200 9141
INFO 2025-12-07 23:00:51,174 basehttp "GET /static/admin/js/admin/DateTimeShortcuts.js HTTP/1.1" 200 19319
INFO 2025-12-07 23:00:51,179 basehttp "GET /static/admin/css/widgets.css HTTP/1.1" 200 11973
INFO 2025-12-07 23:00:51,209 basehttp "GET /static/admin/js/SelectBox.js HTTP/1.1" 200 4530
INFO 2025-12-07 23:00:51,210 basehttp "GET /static/admin/js/SelectFilter2.js HTTP/1.1" 200 15845
WARNING 2025-12-07 23:00:51,360 log Not Found: /favicon.ico
INFO 2025-12-07 23:00:51,381 basehttp "GET /static/admin/img/selector-icons.svg HTTP/1.1" 200 3291
INFO 2025-12-07 23:00:51,402 basehttp "GET /static/admin/img/icon-calendar.svg HTTP/1.1" 200 1086
INFO 2025-12-07 23:00:51,425 basehttp "GET /static/admin/img/icon-clock.svg HTTP/1.1" 200 677
INFO 2025-12-07 23:01:27,501 basehttp "GET / HTTP/1.1" 200 14941
INFO 2025-12-07 23:01:27,707 basehttp "GET /admin/ HTTP/1.1" 200 20379
WARNING 2025-12-07 23:01:27,925 log Not Found: /favicon.ico
INFO 2025-12-07 23:01:31,492 basehttp "GET /elections/ HTTP/1.1" 200 3639
INFO 2025-12-07 23:01:50,402 autoreload /home/nevelc/Private/repo/university_elec_api/src/core/urls.py changed, reloading.
INFO 2025-12-07 23:01:51,384 autoreload Watching for file changes with StatReloader
INFO 2025-12-08 00:40:01,268 basehttp "GET /elections/2/results/ HTTP/1.1" 200 6287
INFO 2025-12-08 00:40:01,330 basehttp "GET /static/css/style.css HTTP/1.1" 304 0
INFO 2025-12-08 00:40:02,691 basehttp "GET /elections/ HTTP/1.1" 200 3639
INFO 2025-12-08 00:40:03,348 basehttp "GET /profile/edit/ HTTP/1.1" 200 9284
INFO 2025-12-08 00:40:07,523 basehttp "GET /dashboard/ HTTP/1.1" 200 4276
INFO 2025-12-08 00:43:08,796 basehttp "GET /dashboard/ HTTP/1.1" 200 4276
INFO 2025-12-08 00:43:09,545 basehttp "GET /dashboard/ HTTP/1.1" 200 4276
INFO 2025-12-08 00:43:10,071 basehttp "GET /dashboard/ HTTP/1.1" 200 4276
INFO 2025-12-08 00:43:18,738 basehttp "GET /profile/edit/ HTTP/1.1" 200 9284
INFO 2025-12-08 00:43:49,010 autoreload /home/nevelc/Private/repo/university_elec_api/src/election/views_ui.py changed, reloading.
INFO 2025-12-08 00:43:49,947 autoreload Watching for file changes with StatReloader
INFO 2025-12-08 00:43:57,494 autoreload /home/nevelc/Private/repo/university_elec_api/src/election/views_ui.py changed, reloading.
INFO 2025-12-08 00:43:58,326 autoreload Watching for file changes with StatReloader
INFO 2025-12-08 00:43:59,763 autoreload /home/nevelc/Private/repo/university_elec_api/src/election/views_ui.py changed, reloading.
INFO 2025-12-08 00:44:00,738 autoreload Watching for file changes with StatReloader
INFO 2025-12-08 00:44:07,293 autoreload /home/nevelc/Private/repo/university_elec_api/src/election/views_ui.py changed, reloading.
INFO 2025-12-08 00:44:08,147 autoreload Watching for file changes with StatReloader
INFO 2025-12-08 00:44:11,654 autoreload /home/nevelc/Private/repo/university_elec_api/src/election/views_ui.py changed, reloading.
INFO 2025-12-08 00:44:12,552 autoreload Watching for file changes with StatReloader
INFO 2025-12-08 00:44:17,019 autoreload /home/nevelc/Private/repo/university_elec_api/src/election/views_ui.py changed, reloading.
INFO 2025-12-08 00:44:18,106 autoreload Watching for file changes with StatReloader
INFO 2025-12-08 00:44:22,544 autoreload /home/nevelc/Private/repo/university_elec_api/src/core/views_ui.py changed, reloading.
INFO 2025-12-08 00:44:23,535 autoreload Watching for file changes with StatReloader
INFO 2025-12-08 00:44:36,286 autoreload /home/nevelc/Private/repo/university_elec_api/src/core/views_commissioner.py changed, reloading.
INFO 2025-12-08 00:44:37,174 autoreload Watching for file changes with StatReloader
INFO 2025-12-08 00:44:40,670 autoreload /home/nevelc/Private/repo/university_elec_api/src/core/views_ui.py changed, reloading.
INFO 2025-12-08 00:44:41,537 autoreload Watching for file changes with StatReloader
ERROR 2025-12-08 00:44:54,773 log Internal Server Error: /observer/
Traceback (most recent call last):
  File "/home/nevelc/Private/repo/university_elec_api/venv/lib/python3.13/site-packages/django/core/handlers/exception.py", line 55, in inner
    response = get_response(request)
  File "/home/nevelc/Private/repo/university_elec_api/venv/lib/python3.13/site-packages/django/core/handlers/base.py", line 197, in _get_response
    response = wrapped_callback(request, *callback_args, **callback_kwargs)
  File "/home/nevelc/Private/repo/university_elec_api/venv/lib/python3.13/site-packages/django/contrib/auth/decorators.py", line 59, in _view_wrapper
    return view_func(request, *args, **kwargs)
  File "/home/nevelc/Private/repo/university_elec_api/src/core/views_commissioner.py", line 235, in observer_dashboard
    return redirect('home')
  File "/home/nevelc/Private/repo/university_elec_api/venv/lib/python3.13/site-packages/django/shortcuts.py", line 51, in redirect
    resolve_url(to, *args, **kwargs),
    ~~~~~~~~~~~^^^^^^^^^^^^^^^^^^^^^
  File "/home/nevelc/Private/repo/university_elec_api/venv/lib/python3.13/site-packages/django/shortcuts.py", line 184, in resolve_url
    return reverse(to, args=args, kwargs=kwargs)
  File "/home/nevelc/Private/repo/university_elec_api/venv/lib/python3.13/site-packages/django/urls/base.py", line 98, in reverse
    resolved_url = resolver._reverse_with_prefix(view, prefix, *args, **kwargs)
  File "/home/nevelc/Private/repo/university_elec_api/venv/lib/python3.13/site-packages/django/urls/resolvers.py", line 831, in _reverse_with_prefix
    raise NoReverseMatch(msg)
django.urls.exceptions.NoReverseMatch: Reverse for 'home' not found. 'home' is not a valid view function or pattern name.
ERROR 2025-12-08 00:44:54,777 basehttp "GET /observer/ HTTP/1.1" 500 96461
INFO 2025-12-08 00:45:40,833 autoreload /home/nevelc/Private/repo/university_elec_api/src/core/views_commissioner.py changed, reloading.
INFO 2025-12-08 00:45:41,519 autoreload Watching for file changes with StatReloader
ERROR 2025-12-08 00:45:44,327 log Internal Server Error: /observer/
Traceback (most recent call last):
  File "/home/nevelc/Private/repo/university_elec_api/venv/lib/python3.13/site-packages/django/core/handlers/exception.py", line 55, in inner
    response = get_response(request)
  File "/home/nevelc/Private/repo/university_elec_api/venv/lib/python3.13/site-packages/django/core/handlers/base.py", line 197, in _get_response
    response = wrapped_callback(request, *callback_args, **callback_kwargs)
  File "/home/nevelc/Private/repo/university_elec_api/venv/lib/python3.13/site-packages/django/contrib/auth/decorators.py", line 59, in _view_wrapper
    return view_func(request, *args, **kwargs)
  File "/home/nevelc/Private/repo/university_elec_api/src/core/views_commissioner.py", line 235, in observer_dashboard
    return redirect('home')
  File "/home/nevelc/Private/repo/university_elec_api/venv/lib/python3.13/site-packages/django/shortcuts.py", line 51, in redirect
    resolve_url(to, *args, **kwargs),
    ~~~~~~~~~~~^^^^^^^^^^^^^^^^^^^^^
  File "/home/nevelc/Private/repo/university_elec_api/venv/lib/python3.13/site-packages/django/shortcuts.py", line 184, in resolve_url
    return reverse(to, args=args, kwargs=kwargs)
  File "/home/nevelc/Private/repo/university_elec_api/venv/lib/python3.13/site-packages/django/urls/base.py", line 98, in reverse
    resolved_url = resolver._reverse_with_prefix(view, prefix, *args, **kwargs)
  File "/home/nevelc/Private/repo/university_elec_api/venv/lib/python3.13/site-packages/django/urls/resolvers.py", line 831, in _reverse_with_prefix
    raise NoReverseMatch(msg)
django.urls.exceptions.NoReverseMatch: Reverse for 'home' not found. 'home' is not a valid view function or pattern name.
ERROR 2025-12-08 00:45:44,330 basehttp "GET /observer/ HTTP/1.1" 500 96734
INFO 2025-12-08 00:45:58,389 autoreload /home/nevelc/Private/repo/university_elec_api/src/core/views_commissioner.py changed, reloading.
INFO 2025-12-08 00:45:59,383 autoreload Watching for file changes with StatReloader
ERROR 2025-12-08 00:46:03,110 log Internal Server Error: /observer/
Traceback (most recent call last):
  File "/home/nevelc/Private/repo/university_elec_api/venv/lib/python3.13/site-packages/django/core/handlers/exception.py", line 55, in inner
    response = get_response(request)
  File "/home/nevelc/Private/repo/university_elec_api/venv/lib/python3.13/site-packages/django/core/handlers/base.py", line 197, in _get_response
    response = wrapped_callback(request, *callback_args, **callback_kwargs)
  File "/home/nevelc/Private/repo/university_elec_api/venv/lib/python3.13/site-packages/django/contrib/auth/decorators.py", line 59, in _view_wrapper
    return view_func(request, *args, **kwargs)
  File "/home/nevelc/Private/repo/university_elec_api/src/core/views_commissioner.py", line 235, in observer_dashboard
    return redirect('homepage')
  File "/home/nevelc/Private/repo/university_elec_api/venv/lib/python3.13/site-packages/django/shortcuts.py", line 51, in redirect
    resolve_url(to, *args, **kwargs),
    ~~~~~~~~~~~^^^^^^^^^^^^^^^^^^^^^
  File "/home/nevelc/Private/repo/university_elec_api/venv/lib/python3.13/site-packages/django/shortcuts.py", line 184, in resolve_url
    return reverse(to, args=args, kwargs=kwargs)
  File "/home/nevelc/Private/repo/university_elec_api/venv/lib/python3.13/site-packages/django/urls/base.py", line 98, in reverse
    resolved_url = resolver._reverse_with_prefix(view, prefix, *args, **kwargs)
  File "/home/nevelc/Private/repo/university_elec_api/venv/lib/python3.13/site-packages/django/urls/resolvers.py", line 831, in _reverse_with_prefix
    raise NoReverseMatch(msg)
django.urls.exceptions.NoReverseMatch: Reverse for 'homepage' not found. 'homepage' is not a valid view function or pattern name.
ERROR 2025-12-08 00:46:03,113 basehttp "GET /observer/ HTTP/1.1" 500 96703
INFO 2025-12-08 00:46:58,675 autoreload /home/nevelc/Private/repo/university_elec_api/src/core/views_commissioner.py changed, reloading.
INFO 2025-12-08 00:46:59,548 autoreload Watching for file changes with StatReloader
INFO 2025-12-08 00:47:08,200 autoreload /home/nevelc/Private/repo/university_elec_api/src/core/views_commissioner.py changed, reloading.
INFO 2025-12-08 00:47:09,041 autoreload Watching for file changes with StatReloader
INFO 2025-12-08 00:47:11,439 basehttp "GET /observer/ HTTP/1.1" 302 0
INFO 2025-12-08 00:47:11,460 basehttp "GET / HTTP/1.1" 200 15677
INFO 2025-12-08 00:47:11,653 basehttp "GET /admin/ HTTP/1.1" 200 20379
INFO 2025-12-08 00:47:30,761 basehttp "GET /admin/ HTTP/1.1" 200 20379
INFO 2025-12-08 00:47:30,815 basehttp "GET /static/admin/css/base.css HTTP/1.1" 304 0
INFO 2025-12-08 00:47:30,816 basehttp "GET /static/admin/css/dark_mode.css HTTP/1.1" 304 0
INFO 2025-12-08 00:47:30,820 basehttp "GET /static/admin/css/nav_sidebar.css HTTP/1.1" 304 0
INFO 2025-12-08 00:47:30,821 basehttp "GET /static/admin/js/theme.js HTTP/1.1" 304 0
INFO 2025-12-08 00:47:30,822 basehttp "GET /static/admin/js/nav_sidebar.js HTTP/1.1" 304 0
INFO 2025-12-08 00:47:30,840 basehttp "GET /static/admin/css/responsive.css HTTP/1.1" 200 16565
INFO 2025-12-08 00:47:30,877 basehttp "GET /static/admin/css/dashboard.css HTTP/1.1" 200 441
INFO 2025-12-08 00:47:30,927 basehttp "GET /static/admin/img/icon-addlink.svg HTTP/1.1" 200 331
INFO 2025-12-08 00:47:30,929 basehttp "GET /static/admin/img/icon-changelink.svg HTTP/1.1" 200 380
INFO 2025-12-08 00:47:38,796 basehttp "GET /admin/core/user/ HTTP/1.1" 200 81975
INFO 2025-12-08 00:47:38,861 basehttp "GET /static/admin/img/icon-no.svg HTTP/1.1" 200 560
INFO 2025-12-08 00:47:38,861 basehttp "GET /static/admin/img/icon-yes.svg HTTP/1.1" 200 436
INFO 2025-12-08 00:47:38,872 basehttp "GET /static/admin/css/changelists.css HTTP/1.1" 200 6878
INFO 2025-12-08 00:47:38,874 basehttp "GET /static/admin/js/vendor/jquery/jquery.js HTTP/1.1" 304 0
INFO 2025-12-08 00:47:38,872 basehttp "GET /static/admin/js/jquery.init.js HTTP/1.1" 200 347
INFO 2025-12-08 00:47:38,878 basehttp "GET /static/admin/js/urlify.js HTTP/1.1" 304 0
INFO 2025-12-08 00:47:38,872 basehttp "GET /static/admin/js/core.js HTTP/1.1" 200 6208
INFO 2025-12-08 00:47:38,873 basehttp "GET /static/admin/js/admin/RelatedObjectLookups.js HTTP/1.1" 304 0
INFO 2025-12-08 00:47:38,883 basehttp "GET /static/admin/js/prepopulate.js HTTP/1.1" 304 0
INFO 2025-12-08 00:47:38,883 basehttp "GET /static/admin/js/actions.js HTTP/1.1" 304 0
INFO 2025-12-08 00:47:38,886 basehttp "GET /admin/jsi18n/ HTTP/1.1" 200 3342
INFO 2025-12-08 00:47:38,888 basehttp "GET /static/admin/js/vendor/xregexp/xregexp.js HTTP/1.1" 304 0
INFO 2025-12-08 00:47:38,917 basehttp "GET /static/admin/js/filters.js HTTP/1.1" 304 0
INFO 2025-12-08 00:47:38,981 basehttp "GET /static/admin/img/search.svg HTTP/1.1" 200 458
INFO 2025-12-08 00:47:39,002 basehttp "GET /static/admin/img/tooltag-add.svg HTTP/1.1" 200 331
INFO 2025-12-08 00:47:39,004 basehttp "GET /static/admin/img/sorting-icons.svg HTTP/1.1" 200 1097
INFO 2025-12-08 00:47:39,011 basehttp "GET /static/admin/img/icon-viewlink.svg HTTP/1.1" 200 581
INFO 2025-12-08 00:47:42,572 basehttp "GET /admin/core/user/1/change/ HTTP/1.1" 200 47025
INFO 2025-12-08 00:47:42,641 basehttp "GET /admin/jsi18n/ HTTP/1.1" 200 3342
INFO 2025-12-08 00:47:42,644 basehttp "GET /static/admin/img/icon-deletelink.svg HTTP/1.1" 200 392
INFO 2025-12-08 00:47:42,652 basehttp "GET /static/admin/css/forms.css HTTP/1.1" 304 0
INFO 2025-12-08 00:47:42,655 basehttp "GET /static/admin/js/calendar.js HTTP/1.1" 304 0
INFO 2025-12-08 00:47:42,656 basehttp "GET /static/admin/js/admin/DateTimeShortcuts.js HTTP/1.1" 304 0
INFO 2025-12-08 00:47:42,659 basehttp "GET /static/admin/js/SelectBox.js HTTP/1.1" 304 0
INFO 2025-12-08 00:47:42,659 basehttp "GET /static/admin/js/SelectFilter2.js HTTP/1.1" 304 0
INFO 2025-12-08 00:47:42,665 basehttp "GET /static/admin/js/change_form.js HTTP/1.1" 304 0
INFO 2025-12-08 00:47:42,668 basehttp "GET /static/admin/js/prepopulate_init.js HTTP/1.1" 304 0
INFO 2025-12-08 00:47:42,702 basehttp "GET /static/admin/css/widgets.css HTTP/1.1" 304 0
INFO 2025-12-08 00:47:42,834 basehttp "GET /static/admin/img/selector-icons.svg HTTP/1.1" 200 3291
INFO 2025-12-08 00:47:42,838 basehttp "GET /static/admin/img/icon-calendar.svg HTTP/1.1" 200 1086
INFO 2025-12-08 00:47:42,839 basehttp "GET /static/admin/img/icon-clock.svg HTTP/1.1" 200 677
INFO 2025-12-08 00:47:54,856 basehttp "GET /admin/core/state/4/change/?_to_field=id&_popup=1 HTTP/1.1" 200 4366
INFO 2025-12-08 00:47:54,950 basehttp "GET /admin/jsi18n/ HTTP/1.1" 200 3342
INFO 2025-12-08 00:48:10,880 basehttp "POST /admin/core/user/1/change/ HTTP/1.1" 200 47312
INFO 2025-12-08 00:48:10,956 basehttp "GET /admin/jsi18n/ HTTP/1.1" 200 3342
INFO 2025-12-08 00:48:21,321 basehttp "POST /admin/core/user/1/change/ HTTP/1.1" 302 0
INFO 2025-12-08 00:48:21,395 basehttp "GET /admin/core/user/1/change/ HTTP/1.1" 200 47264
INFO 2025-12-08 00:48:21,496 basehttp "GET /admin/jsi18n/ HTTP/1.1" 200 3342
INFO 2025-12-08 00:48:25,792 basehttp "GET / HTTP/1.1" 200 14941
INFO 2025-12-08 00:48:25,883 basehttp "GET /admin/ HTTP/1.1" 200 20771
INFO 2025-12-08 00:48:39,849 basehttp "GET /observer/ HTTP/1.1" 302 0
INFO 2025-12-08 00:48:39,873 basehttp "GET / HTTP/1.1" 200 15176
INFO 2025-12-08 00:48:39,988 basehttp "GET /admin/ HTTP/1.1" 200 20771
INFO 2025-12-08 00:48:48,776 basehttp "GET /admin/ HTTP/1.1" 200 20771
INFO 2025-12-08 00:48:58,141 basehttp "GET /admin/election/candidate/ HTTP/1.1" 200 30965
INFO 2025-12-08 00:48:58,208 basehttp "GET /admin/jsi18n/ HTTP/1.1" 200 3342
INFO 2025-12-08 00:49:02,127 basehttp "GET /admin/core/course/ HTTP/1.1" 200 26720
INFO 2025-12-08 00:49:02,188 basehttp "GET /admin/jsi18n/ HTTP/1.1" 200 3342
INFO 2025-12-08 00:49:04,583 basehttp "GET /admin/core/user/ HTTP/1.1" 200 81987
INFO 2025-12-08 00:49:04,639 basehttp "GET /admin/jsi18n/ HTTP/1.1" 200 3342
INFO 2025-12-08 00:49:15,196 basehttp "GET /admin/election/vote/ HTTP/1.1" 200 25101
INFO 2025-12-08 00:49:15,258 basehttp "GET /admin/jsi18n/ HTTP/1.1" 200 3342
INFO 2025-12-08 00:49:28,238 basehttp "GET /admin/election/votertoken/ HTTP/1.1" 200 35001
INFO 2025-12-08 00:49:28,298 basehttp "GET /admin/jsi18n/ HTTP/1.1" 200 3342
INFO 2025-12-08 00:49:46,681 basehttp "GET /admin/election/election/ HTTP/1.1" 200 24093
INFO 2025-12-08 00:49:46,750 basehttp "GET /admin/jsi18n/ HTTP/1.1" 200 3342
INFO 2025-12-08 05:38:01,600 autoreload Watching for file changes with StatReloader
INFO 2025-12-08 05:38:07,434 basehttp "GET / HTTP/1.1" 200 14941
INFO 2025-12-08 05:38:07,557 basehttp "GET /static/css/style.css HTTP/1.1" 200 3729
INFO 2025-12-08 05:38:07,582 basehttp "GET /admin/ HTTP/1.1" 200 20771
WARNING 2025-12-08 05:38:08,240 log Not Found: /favicon.ico
INFO 2025-12-08 05:38:14,495 basehttp "GET /admin/ HTTP/1.1" 200 20771
INFO 2025-12-08 05:38:14,610 basehttp "GET /static/admin/js/theme.js HTTP/1.1" 304 0
INFO 2025-12-08 05:38:14,653 basehttp "GET /static/admin/css/dashboard.css HTTP/1.1" 200 441
INFO 2025-12-08 05:38:14,653 basehttp "GET /static/admin/css/dark_mode.css HTTP/1.1" 200 2808
INFO 2025-12-08 05:38:14,654 basehttp "GET /static/admin/css/nav_sidebar.css HTTP/1.1" 200 2810
INFO 2025-12-08 05:38:14,722 basehttp "GET /static/admin/css/base.css HTTP/1.1" 200 22120
INFO 2025-12-08 05:38:14,722 basehttp "GET /static/admin/css/responsive.css HTTP/1.1" 200 16565
INFO 2025-12-08 05:38:14,767 basehttp "GET /static/admin/img/icon-addlink.svg HTTP/1.1" 200 331
INFO 2025-12-08 05:38:14,768 basehttp "GET /static/admin/img/icon-changelink.svg HTTP/1.1" 200 380
INFO 2025-12-08 05:38:14,779 basehttp "GET /static/admin/js/nav_sidebar.js HTTP/1.1" 304 0
INFO 2025-12-08 05:38:19,045 basehttp "GET /admin/core/course/ HTTP/1.1" 200 31452
INFO 2025-12-08 05:38:19,117 basehttp "GET /static/admin/img/search.svg HTTP/1.1" 200 458
INFO 2025-12-08 05:38:19,123 basehttp "GET /admin/jsi18n/ HTTP/1.1" 200 3342
INFO 2025-12-08 05:38:19,159 basehttp "GET /static/admin/js/filters.js HTTP/1.1" 200 978
INFO 2025-12-08 05:38:19,159 basehttp "GET /static/admin/js/jquery.init.js HTTP/1.1" 200 347
INFO 2025-12-08 05:38:19,186 basehttp "GET /static/admin/css/changelists.css HTTP/1.1" 200 6878
INFO 2025-12-08 05:38:19,241 basehttp "GET /static/admin/js/urlify.js HTTP/1.1" 304 0
INFO 2025-12-08 05:38:19,243 basehttp "GET /static/admin/js/core.js HTTP/1.1" 304 0
INFO 2025-12-08 05:38:19,246 basehttp "GET /static/admin/js/actions.js HTTP/1.1" 304 0
INFO 2025-12-08 05:38:19,247 basehttp "GET /static/admin/js/vendor/xregexp/xregexp.js HTTP/1.1" 304 0
INFO 2025-12-08 05:38:19,248 basehttp "GET /static/admin/js/vendor/jquery/jquery.js HTTP/1.1" 304 0
INFO 2025-12-08 05:38:19,248 basehttp "GET /static/admin/js/prepopulate.js HTTP/1.1" 304 0
INFO 2025-12-08 05:38:19,248 basehttp "GET /static/admin/js/admin/RelatedObjectLookups.js HTTP/1.1" 304 0
INFO 2025-12-08 05:38:19,338 basehttp "GET /static/admin/img/tooltag-add.svg HTTP/1.1" 200 331
INFO 2025-12-08 05:38:19,356 basehttp "GET /static/admin/img/sorting-icons.svg HTTP/1.1" 200 1097
INFO 2025-12-08 05:38:28,820 basehttp "GET /admin/core/state/ HTTP/1.1" 200 21304
INFO 2025-12-08 05:38:28,886 basehttp "GET /admin/jsi18n/ HTTP/1.1" 200 3342
INFO 2025-12-08 05:38:31,259 basehttp "GET /admin/core/user/ HTTP/1.1" 200 81987
INFO 2025-12-08 05:38:31,316 basehttp "GET /admin/jsi18n/ HTTP/1.1" 200 3342
INFO 2025-12-08 05:38:31,344 basehttp "GET /static/admin/img/icon-yes.svg HTTP/1.1" 200 436
INFO 2025-12-08 05:38:31,366 basehttp "GET /static/admin/img/icon-no.svg HTTP/1.1" 200 560
INFO 2025-12-08 05:38:31,479 basehttp "GET /static/admin/img/icon-viewlink.svg HTTP/1.1" 200 581
INFO 2025-12-08 05:40:29,259 basehttp "GET / HTTP/1.1" 200 14794
INFO 2025-12-08 23:13:49,386 autoreload Watching for file changes with StatReloader
WARNING 2025-12-08 23:14:57,248 base Session data corrupted
INFO 2025-12-08 23:14:57,281 basehttp "GET / HTTP/1.1" 200 14794
WARNING 2025-12-08 23:14:57,434 base Session data corrupted
INFO 2025-12-08 23:14:57,466 basehttp "GET /admin/ HTTP/1.1" 302 0
WARNING 2025-12-08 23:14:57,473 base Session data corrupted
INFO 2025-12-08 23:14:57,574 basehttp "GET /static/css/style.css HTTP/1.1" 304 0
WARNING 2025-12-08 23:14:58,146 log Not Found: /favicon.ico
INFO 2025-12-08 23:14:58,756 basehttp "GET /admin/login/?next=/admin/ HTTP/1.1" 200 4187
WARNING 2025-12-08 23:15:02,087 base Session data corrupted
INFO 2025-12-08 23:15:02,171 basehttp "GET /login/ HTTP/1.1" 200 2826
WARNING 2025-12-08 23:15:10,594 base Session data corrupted
INFO 2025-12-08 23:15:11,628 basehttp "POST /login/ HTTP/1.1" 302 0
INFO 2025-12-08 23:15:11,813 basehttp "GET /dashboard/ HTTP/1.1" 200 3927
INFO 2025-12-08 23:15:20,172 basehttp "GET /profile/edit/ HTTP/1.1" 200 9284
INFO 2025-12-08 23:15:24,487 basehttp "GET /admin/ HTTP/1.1" 200 20771
INFO 2025-12-08 23:15:24,572 basehttp "GET /static/admin/css/base.css HTTP/1.1" 304 0
INFO 2025-12-08 23:15:24,586 basehttp "GET /static/admin/css/dark_mode.css HTTP/1.1" 304 0
INFO 2025-12-08 23:15:24,591 basehttp "GET /static/admin/js/theme.js HTTP/1.1" 304 0
INFO 2025-12-08 23:15:24,592 basehttp "GET /static/admin/css/nav_sidebar.css HTTP/1.1" 304 0
INFO 2025-12-08 23:15:24,593 basehttp "GET /static/admin/css/dashboard.css HTTP/1.1" 304 0
INFO 2025-12-08 23:15:24,652 basehttp "GET /static/admin/css/responsive.css HTTP/1.1" 304 0
INFO 2025-12-08 23:15:24,719 basehttp "GET /static/admin/js/nav_sidebar.js HTTP/1.1" 304 0
INFO 2025-12-08 23:15:24,757 basehttp "GET /static/admin/img/icon-changelink.svg HTTP/1.1" 200 380
INFO 2025-12-08 23:15:24,778 basehttp "GET /static/admin/img/icon-addlink.svg HTTP/1.1" 200 331
INFO 2025-12-08 23:15:31,642 basehttp "GET /admin/core/collegedata/ HTTP/1.1" 200 22769
INFO 2025-12-08 23:15:31,711 basehttp "GET /static/admin/css/changelists.css HTTP/1.1" 304 0
INFO 2025-12-08 23:15:31,717 basehttp "GET /static/admin/img/search.svg HTTP/1.1" 200 458
INFO 2025-12-08 23:15:31,717 basehttp "GET /static/admin/js/vendor/jquery/jquery.js HTTP/1.1" 304 0
INFO 2025-12-08 23:15:31,718 basehttp "GET /static/admin/js/core.js HTTP/1.1" 304 0
INFO 2025-12-08 23:15:31,719 basehttp "GET /static/admin/js/jquery.init.js HTTP/1.1" 304 0
INFO 2025-12-08 23:15:31,721 basehttp "GET /static/admin/js/admin/RelatedObjectLookups.js HTTP/1.1" 304 0
INFO 2025-12-08 23:15:31,724 basehttp "GET /static/admin/js/actions.js HTTP/1.1" 304 0
INFO 2025-12-08 23:15:31,883 basehttp "GET /admin/jsi18n/ HTTP/1.1" 200 3342
INFO 2025-12-08 23:15:31,999 basehttp "GET /static/admin/js/vendor/xregexp/xregexp.js HTTP/1.1" 304 0
INFO 2025-12-08 23:15:32,000 basehttp "GET /static/admin/js/urlify.js HTTP/1.1" 304 0
INFO 2025-12-08 23:15:32,001 basehttp "GET /static/admin/js/prepopulate.js HTTP/1.1" 304 0
INFO 2025-12-08 23:15:32,126 basehttp "GET /static/admin/js/filters.js HTTP/1.1" 200 978
INFO 2025-12-08 23:15:32,247 basehttp "GET /static/admin/img/tooltag-add.svg HTTP/1.1" 200 331
INFO 2025-12-08 23:15:32,269 basehttp "GET /static/admin/img/icon-viewlink.svg HTTP/1.1" 200 581
INFO 2025-12-08 23:15:35,782 basehttp "GET /admin/core/course/ HTTP/1.1" 200 31452
INFO 2025-12-08 23:15:35,843 basehttp "GET /admin/jsi18n/ HTTP/1.1" 200 3342
INFO 2025-12-08 23:15:35,962 basehttp "GET /static/admin/img/sorting-icons.svg HTTP/1.1" 200 1097
INFO 2025-12-08 23:15:48,466 basehttp "GET /admin/core/state/ HTTP/1.1" 200 21304
INFO 2025-12-08 23:15:48,516 basehttp "GET /admin/jsi18n/ HTTP/1.1" 200 3342
INFO 2025-12-08 23:15:51,300 basehttp "GET /admin/core/user/ HTTP/1.1" 200 81987
INFO 2025-12-08 23:15:51,357 basehttp "GET /admin/jsi18n/ HTTP/1.1" 200 3342
INFO 2025-12-08 23:15:51,383 basehttp "GET /static/admin/img/icon-yes.svg HTTP/1.1" 200 436
INFO 2025-12-08 23:15:51,384 basehttp "GET /static/admin/img/icon-no.svg HTTP/1.1" 200 560
INFO 2025-12-08 23:29:14,623 basehttp "GET /admin/core/collegedata/ HTTP/1.1" 200 22769
INFO 2025-12-08 23:29:14,697 basehttp "GET /admin/jsi18n/ HTTP/1.1" 200 3342
INFO 2025-12-08 23:29:17,150 basehttp "GET /admin/core/collegedata/ HTTP/1.1" 200 22769
INFO 2025-12-08 23:29:17,201 basehttp "GET /admin/jsi18n/ HTTP/1.1" 200 3342
INFO 2025-12-08 23:31:52,403 autoreload /home/nevelc/Private/repo/university_elec_api/venv/lib/python3.13/site-packages/django/conf/global_settings.py changed, reloading.
INFO 2026-03-22 15:15:50,056 autoreload Watching for file changes with StatReloader
INFO 2026-03-22 15:16:02,990 autoreload Watching for file changes with StatReloader
INFO 2026-03-22 15:16:24,993 log "GET / HTTP/1.1" 200 14611
INFO 2026-03-22 15:16:25,131 log "GET /admin/ HTTP/1.1" 302 0
INFO 2026-03-22 15:16:25,267 log "GET /static/css/style.css HTTP/1.1" 200 3729
INFO 2026-03-22 15:16:25,307 log "GET /admin/login/?next=/admin/ HTTP/1.1" 200 4094
INFO 2026-03-22 15:16:37,159 log "GET /login/ HTTP/1.1" 200 2812
WARNING 2026-03-22 15:16:37,581 log Not Found: /favicon.ico
WARNING 2026-03-22 15:16:37,582 log "GET /favicon.ico HTTP/1.1" 404 6886
INFO 2026-03-22 16:01:12,589 autoreload /home/cleven/Private/cleven-github/mwecau_ict_prj/digivote/src/election/models.py changed, reloading.
INFO 2026-03-22 16:04:21,603 autoreload Watching for file changes with StatReloader
INFO 2026-03-22 16:05:29,141 autoreload /home/cleven/Private/cleven-github/mwecau_ict_prj/digivote/src/election/models.py changed, reloading.
INFO 2026-03-22 16:05:30,384 autoreload Watching for file changes with StatReloader
INFO 2026-03-29 15:11:17,774 autoreload Watching for file changes with StatReloader
INFO 2026-03-29 15:17:02,178 autoreload Watching for file changes with StatReloader
INFO 2026-03-29 15:17:15,737 log "GET / HTTP/1.1" 200 14611
INFO 2026-03-29 15:17:15,886 log "GET /admin/ HTTP/1.1" 302 0
INFO 2026-03-29 15:17:15,895 log "GET /static/css/style.css HTTP/1.1" 200 3729
INFO 2026-03-29 15:17:15,966 log "GET /admin/login/?next=/admin/ HTTP/1.1" 200 4094
INFO 2026-03-29 15:17:25,815 log "GET /register/ HTTP/1.1" 200 2882
WARNING 2026-03-29 15:17:25,916 log Not Found: /favicon.ico
WARNING 2026-03-29 15:17:25,916 log "GET /favicon.ico HTTP/1.1" 404 6886
INFO 2026-03-29 15:17:27,510 log "GET /login/ HTTP/1.1" 200 2812
INFO 2026-03-29 15:17:28,685 log "GET / HTTP/1.1" 200 14611
INFO 2026-03-29 15:17:28,743 log "GET /admin/ HTTP/1.1" 302 0
INFO 2026-03-29 15:17:28,827 log "GET /admin/login/?next=/admin/ HTTP/1.1" 200 4094
INFO 2026-03-29 15:17:29,811 log "GET /register/ HTTP/1.1" 200 2882
INFO 2026-03-29 15:17:31,225 log "GET /login/ HTTP/1.1" 200 2812
INFO 2026-03-29 15:17:31,848 log "GET / HTTP/1.1" 200 14611
INFO 2026-03-29 15:17:31,893 log "GET /admin/ HTTP/1.1" 302 0
INFO 2026-03-29 15:17:31,900 log "GET /admin/login/?next=/admin/ HTTP/1.1" 200 4094
